{"meta": {"format": 3, "version": "7.15.2", "timestamp": "2026-07-18T18:24:42.798495", "branch_coverage": false, "show_contexts": false}, "files": {"app\\__init__.py": {"executed_lines": [3], "summary": {"covered_lines": 1, "num_statements": 1, "percent_covered": 100.0, "percent_covered_display": "100", "missing_lines": 0, "excluded_lines": 0, "percent_statements_covered": 100.0, "percent_statements_covered_display": "100"}, "missing_lines": [], "excluded_lines": [], "functions": {"": {"executed_lines": [3], "summary": {"covered_lines": 1, "num_statements": 1, "percent_covered": 100.0, "percent_covered_display": "100", "missing_lines": 0, "excluded_lines": 0, "percent_statements_covered": 100.0, "percent_statements_covered_display": "100"}, "missing_lines": [], "excluded_lines": [], "start_line": 1}}, "classes": {"": {"executed_lines": [3], "summary": {"covered_lines": 1, "num_statements": 1, "percent_covered": 100.0, "percent_covered_display": "100", "missing_lines": 0, "excluded_lines": 0, "percent_statements_covered": 100.0, "percent_statements_covered_display": "100"}, "missing_lines": [], "excluded_lines": [], "start_line": 1}}}, "app\\api\\__init__.py": {"executed_lines": [1, 3], "summary": {"covered_lines": 2, "num_statements": 2, "percent_covered": 100.0, "percent_covered_display": "100", "missing_lines": 0, "excluded_lines": 0, "percent_statements_covered": 100.0, "percent_statements_covered_display": "100"}, "missing_lines": [], "excluded_lines": [], "functions": {"": {"executed_lines": [1, 3], "summary": {"covered_lines": 2, "num_statements": 2, "percent_covered": 100.0, "percent_covered_display": "100", "missing_lines": 0, "excluded_lines": 0, "percent_statements_covered": 100.0, "percent_statements_covered_display": "100"}, "missing_lines": [], "excluded_lines": [], "start_line": 1}}, "classes": {"": {"executed_lines": [1, 3], "summary": {"covered_lines": 2, "num_statements": 2, "percent_covered": 100.0, "percent_covered_display": "100", "missing_lines": 0, "excluded_lines": 0, "percent_statements_covered": 100.0, "percent_statements_covered_display": "100"}, "missing_lines": [], "excluded_lines": [], "start_line": 1}}}, "app\\api\\main.py": {"executed_lines": [1, 3, 4, 5, 7, 8, 9, 10, 11, 13, 14, 15, 16, 17, 18, 21, 24, 25, 26, 27, 30, 31, 34, 35, 43, 44, 52, 53, 54, 55, 56, 57, 58, 64, 69, 75, 76, 77, 78, 79, 80, 82, 83, 84, 85, 86, 87, 88, 89, 91, 92, 93, 94, 104, 105, 111, 112, 113, 115, 116, 117, 119, 121, 122, 133, 134, 135, 136, 137, 138, 139, 140, 166, 167, 174, 175, 178, 179, 192, 193, 194, 195, 196, 197, 206, 207, 208, 209, 211, 212, 216, 217, 221, 222, 223, 224, 225, 226, 227, 228, 229, 231, 232, 233, 234, 236, 237, 238, 239, 240, 241, 248, 249, 257, 268, 269, 274, 275, 278, 279, 280, 281, 282, 286, 287, 293, 294, 297, 298, 304, 307], "summary": {"covered_lines": 131, "num_statements": 162, "percent_covered": 80.8641975308642, "percent_covered_display": "81", "missing_lines": 31, "excluded_lines": 0, "percent_statements_covered": 80.8641975308642, "percent_statements_covered_display": "81"}, "missing_lines": [106, 118, 123, 163, 164, 168, 169, 170, 171, 172, 176, 187, 213, 214, 218, 219, 270, 271, 272, 276, 283, 284, 288, 289, 290, 291, 295, 299, 300, 301, 302], "excluded_lines": [], "functions": {"generated_at": {"executed_lines": [31], "summary": {"covered_lines": 1, "num_statements": 1, "percent_covered": 100.0, "percent_covered_display": "100", "missing_lines": 0, "excluded_lines": 0, "percent_statements_covered": 100.0, "percent_statements_covered_display": "100"}, "missing_lines": [], "excluded_lines": [], "start_line": 30}, "envelope": {"executed_lines": [35], "summary": {"covered_lines": 1, "num_statements": 1, "percent_covered": 100.0, "percent_covered_display": "100", "missing_lines": 0, "excluded_lines": 0, "percent_statements_covered": 100.0, "percent_statements_covered_display": "100"}, "missing_lines": [], "excluded_lines": [], "start_line": 34}, "error_envelope": {"executed_lines": [44], "summary": {"covered_lines": 1, "num_statements": 1, "percent_covered": 100.0, "percent_covered_display": "100", "missing_lines": 0, "excluded_lines": 0, "percent_statements_covered": 100.0, "percent_statements_covered_display": "100"}, "missing_lines": [], "excluded_lines": [], "start_line": 43}, "create_app": {"executed_lines": [53, 54, 55, 56, 57, 58, 64, 69, 75, 76, 77, 78, 79, 80, 82, 83, 91, 92, 104, 105, 111, 115, 121, 122, 133, 134, 166, 167, 174, 175, 178, 179, 192, 193, 211, 212, 216, 217, 221, 222, 231, 232, 236, 237, 268, 269, 274, 275, 278, 279, 286, 287, 293, 294, 297, 298, 304], "summary": {"covered_lines": 57, "num_statements": 57, "percent_covered": 100.0, "percent_covered_display": "100", "missing_lines": 0, "excluded_lines": 0, "percent_statements_covered": 100.0, "percent_statements_covered_display": "100"}, "missing_lines": [], "excluded_lines": [], "start_line": 52}, "create_app.trace_middleware": {"executed_lines": [84, 85, 86, 87, 88, 89], "summary": {"covered_lines": 6, "num_statements": 6, "percent_covered": 100.0, "percent_covered_display": "100", "missing_lines": 0, "excluded_lines": 0, "percent_statements_covered": 100.0, "percent_statements_covered_display": "100"}, "missing_lines": [], "excluded_lines": [], "start_line": 83}, "create_app.http_error": {"executed_lines": [93, 94], "summary": {"covered_lines": 2, "num_statements": 2, "percent_covered": 100.0, "percent_covered_display": "100", "missing_lines": 0, "excluded_lines": 0, "percent_statements_covered": 100.0, "percent_statements_covered_display": "100"}, "missing_lines": [], "excluded_lines": [], "start_line": 92}, "create_app.validation_error": {"executed_lines": [], "summary": {"covered_lines": 0, "num_statements": 1, "percent_covered": 0.0, "percent_covered_display": "0", "missing_lines": 1, "excluded_lines": 0, "percent_statements_covered": 0.0, "percent_statements_covered_display": "0"}, "missing_lines": [106], "excluded_lines": [], "start_line": 105}, "create_app.require_admin": {"executed_lines": [112, 113], "summary": {"covered_lines": 2, "num_statements": 2, "percent_covered": 100.0, "percent_covered_display": "100", "missing_lines": 0, "excluded_lines": 0, "percent_statements_covered": 100.0, "percent_statements_covered_display": "100"}, "missing_lines": [], "excluded_lines": [], "start_line": 111}, "create_app.event_or_404": {"executed_lines": [116, 117, 119], "summary": {"covered_lines": 3, "num_statements": 4, "percent_covered": 75.0, "percent_covered_display": "75", "missing_lines": 1, "excluded_lines": 0, "percent_statements_covered": 75.0, "percent_statements_covered_display": "75"}, "missing_lines": [118], "excluded_lines": [], "start_line": 115}, "create_app.root": {"executed_lines": [], "summary": {"covered_lines": 0, "num_statements": 1, "percent_covered": 0.0, "percent_covered_display": "0", "missing_lines": 1, "excluded_lines": 0, "percent_statements_covered": 0.0, "percent_statements_covered_display": "0"}, "missing_lines": [123], "excluded_lines": [], "start_line": 122}, "create_app.health": {"executed_lines": [135, 136, 137, 138, 139, 140], "summary": {"covered_lines": 6, "num_statements": 8, "percent_covered": 75.0, "percent_covered_display": "75", "missing_lines": 2, "excluded_lines": 0, "percent_statements_covered": 75.0, "percent_statements_covered_display": "75"}, "missing_lines": [163, 164], "excluded_lines": [], "start_line": 134}, "create_app.overview": {"executed_lines": [], "summary": {"covered_lines": 0, "num_statements": 5, "percent_covered": 0.0, "percent_covered_display": "0", "missing_lines": 5, "excluded_lines": 0, "percent_statements_covered": 0.0, "percent_statements_covered_display": "0"}, "missing_lines": [168, 169, 170, 171, 172], "excluded_lines": [], "start_line": 167}, "create_app.sources_health": {"executed_lines": [], "summary": {"covered_lines": 0, "num_statements": 1, "percent_covered": 0.0, "percent_covered_display": "0", "missing_lines": 1, "excluded_lines": 0, "percent_statements_covered": 0.0, "percent_statements_covered_display": "0"}, "missing_lines": [176], "excluded_lines": [], "start_line": 175}, "create_app.events": {"executed_lines": [], "summary": {"covered_lines": 0, "num_statements": 1, "percent_covered": 0.0, "percent_covered_display": "0", "missing_lines": 1, "excluded_lines": 0, "percent_statements_covered": 0.0, "percent_statements_covered_display": "0"}, "missing_lines": [187], "excluded_lines": [], "start_line": 179}, "create_app.event_detail": {"executed_lines": [194, 195, 196, 197, 206, 207, 208, 209], "summary": {"covered_lines": 8, "num_statements": 8, "percent_covered": 100.0, "percent_covered_display": "100", "missing_lines": 0, "excluded_lines": 0, "percent_statements_covered": 100.0, "percent_statements_covered_display": "100"}, "missing_lines": [], "excluded_lines": [], "start_line": 193}, "create_app.event_timeline": {"executed_lines": [], "summary": {"covered_lines": 0, "num_statements": 2, "percent_covered": 0.0, "percent_covered_display": "0", "missing_lines": 2, "excluded_lines": 0, "percent_statements_covered": 0.0, "percent_statements_covered_display": "0"}, "missing_lines": [213, 214], "excluded_lines": [], "start_line": 212}, "create_app.event_evidence": {"executed_lines": [], "summary": {"covered_lines": 0, "num_statements": 2, "percent_covered": 0.0, "percent_covered_display": "0", "missing_lines": 2, "excluded_lines": 0, "percent_statements_covered": 0.0, "percent_statements_covered_display": "0"}, "missing_lines": [218, 219], "excluded_lines": [], "start_line": 217}, "create_app.event_trace": {"executed_lines": [223, 224, 225, 226, 227, 228, 229], "summary": {"covered_lines": 7, "num_statements": 7, "percent_covered": 100.0, "percent_covered_display": "100", "missing_lines": 0, "excluded_lines": 0, "percent_statements_covered": 100.0, "percent_statements_covered_display": "100"}, "missing_lines": [], "excluded_lines": [], "start_line": 222}, "create_app.run_evidence_agent": {"executed_lines": [233, 234], "summary": {"covered_lines": 2, "num_statements": 2, "percent_covered": 100.0, "percent_covered_display": "100", "missing_lines": 0, "excluded_lines": 0, "percent_statements_covered": 100.0, "percent_statements_covered_display": "100"}, "missing_lines": [], "excluded_lines": [], "start_line": 232}, "create_app.record_human_override": {"executed_lines": [238, 239, 240, 241, 248, 249, 257], "summary": {"covered_lines": 7, "num_statements": 7, "percent_covered": 100.0, "percent_covered_display": "100", "missing_lines": 0, "excluded_lines": 0, "percent_statements_covered": 100.0, "percent_statements_covered_display": "100"}, "missing_lines": [], "excluded_lines": [], "start_line": 237}, "create_app.model_status": {"executed_lines": [], "summary": {"covered_lines": 0, "num_statements": 3, "percent_covered": 0.0, "percent_covered_display": "0", "missing_lines": 3, "excluded_lines": 0, "percent_statements_covered": 0.0, "percent_statements_covered_display": "0"}, "missing_lines": [270, 271, 272], "excluded_lines": [], "start_line": 269}, "create_app.replay_cases": {"executed_lines": [], "summary": {"covered_lines": 0, "num_statements": 1, "percent_covered": 0.0, "percent_covered_display": "0", "missing_lines": 1, "excluded_lines": 0, "percent_statements_covered": 0.0, "percent_statements_covered_display": "0"}, "missing_lines": [276], "excluded_lines": [], "start_line": 275}, "create_app.replay_run": {"executed_lines": [280, 281, 282], "summary": {"covered_lines": 3, "num_statements": 5, "percent_covered": 60.0, "percent_covered_display": "60", "missing_lines": 2, "excluded_lines": 0, "percent_statements_covered": 60.0, "percent_statements_covered_display": "60"}, "missing_lines": [283, 284], "excluded_lines": [], "start_line": 279}, "create_app.replay_reset": {"executed_lines": [], "summary": {"covered_lines": 0, "num_statements": 4, "percent_covered": 0.0, "percent_covered_display": "0", "missing_lines": 4, "excluded_lines": 0, "percent_statements_covered": 0.0, "percent_statements_covered_display": "0"}, "missing_lines": [288, 289, 290, 291], "excluded_lines": [], "start_line": 287}, "create_app.get_demo_mode": {"executed_lines": [], "summary": {"covered_lines": 0, "num_statements": 1, "percent_covered": 0.0, "percent_covered_display": "0", "missing_lines": 1, "excluded_lines": 0, "percent_statements_covered": 0.0, "percent_statements_covered_display": "0"}, "missing_lines": [295], "excluded_lines": [], "start_line": 294}, "create_app.set_demo_mode": {"executed_lines": [], "summary": {"covered_lines": 0, "num_statements": 4, "percent_covered": 0.0, "percent_covered_display": "0", "missing_lines": 4, "excluded_lines": 0, "percent_statements_covered": 0.0, "percent_statements_covered_display": "0"}, "missing_lines": [299, 300, 301, 302], "excluded_lines": [], "start_line": 298}, "": {"executed_lines": [1, 3, 4, 5, 7, 8, 9, 10, 11, 13, 14, 15, 16, 17, 18, 21, 24, 25, 26, 27, 30, 34, 43, 52, 307], "summary": {"covered_lines": 25, "num_statements": 25, "percent_covered": 100.0, "percent_covered_display": "100", "missing_lines": 0, "excluded_lines": 0, "percent_statements_covered": 100.0, "percent_statements_covered_display": "100"}, "missing_lines": [], "excluded_lines": [], "start_line": 1}}, "classes": {"HumanOverrideRequest": {"executed_lines": [], "summary": {"covered_lines": 0, "num_statements": 0, "percent_covered": 100.0, "percent_covered_display": "100", "missing_lines": 0, "excluded_lines": 0, "percent_statements_covered": 100.0, "percent_statements_covered_display": "100"}, "missing_lines": [], "excluded_lines": [], "start_line": 24}, "": {"executed_lines": [1, 3, 4, 5, 7, 8, 9, 10, 11, 13, 14, 15, 16, 17, 18, 21, 24, 25, 26, 27, 30, 31, 34, 35, 43, 44, 52, 53, 54, 55, 56, 57, 58, 64, 69, 75, 76, 77, 78, 79, 80, 82, 83, 84, 85, 86, 87, 88, 89, 91, 92, 93, 94, 104, 105, 111, 112, 113, 115, 116, 117, 119, 121, 122, 133, 134, 135, 136, 137, 138, 139, 140, 166, 167, 174, 175, 178, 179, 192, 193, 194, 195, 196, 197, 206, 207, 208, 209, 211, 212, 216, 217, 221, 222, 223, 224, 225, 226, 227, 228, 229, 231, 232, 233, 234, 236, 237, 238, 239, 240, 241, 248, 249, 257, 268, 269, 274, 275, 278, 279, 280, 281, 282, 286, 287, 293, 294, 297, 298, 304, 307], "summary": {"covered_lines": 131, "num_statements": 162, "percent_covered": 80.8641975308642, "percent_covered_display": "81", "missing_lines": 31, "excluded_lines": 0, "percent_statements_covered": 80.8641975308642, "percent_statements_covered_display": "81"}, "missing_lines": [106, 118, 123, 163, 164, 168, 169, 170, 171, 172, 176, 187, 213, 214, 218, 219, 270, 271, 272, 276, 283, 284, 288, 289, 290, 291, 295, 299, 300, 301, 302], "excluded_lines": [], "start_line": 1}}}, "app\\config.py": {"executed_lines": [1, 3, 4, 5, 8, 11, 12, 13, 14, 15, 16, 17, 18, 19, 20, 21, 23, 24, 25, 39, 40, 41, 43, 44, 45], "summary": {"covered_lines": 25, "num_statements": 25, "percent_covered": 100.0, "percent_covered_display": "100", "missing_lines": 0, "excluded_lines": 0, "percent_statements_covered": 100.0, "percent_statements_covered_display": "100"}, "missing_lines": [], "excluded_lines": [], "functions": {"Settings.from_env": {"executed_lines": [25], "summary": {"covered_lines": 1, "num_statements": 1, "percent_covered": 100.0, "percent_covered_display": "100", "missing_lines": 0, "excluded_lines": 0, "percent_statements_covered": 100.0, "percent_statements_covered_display": "100"}, "missing_lines": [], "excluded_lines": [], "start_line": 24}, "Settings.model_artifact": {"executed_lines": [41], "summary": {"covered_lines": 1, "num_statements": 1, "percent_covered": 100.0, "percent_covered_display": "100", "missing_lines": 0, "excluded_lines": 0, "percent_statements_covered": 100.0, "percent_statements_covered_display": "100"}, "missing_lines": [], "excluded_lines": [], "start_line": 40}, "Settings.model_card": {"executed_lines": [45], "summary": {"covered_lines": 1, "num_statements": 1, "percent_covered": 100.0, "percent_covered_display": "100", "missing_lines": 0, "excluded_lines": 0, "percent_statements_covered": 100.0, "percent_statements_covered_display": "100"}, "missing_lines": [], "excluded_lines": [], "start_line": 44}, "": {"executed_lines": [1, 3, 4, 5, 8, 11, 12, 13, 14, 15, 16, 17, 18, 19, 20, 21, 23, 24, 39, 40, 43, 44], "summary": {"covered_lines": 22, "num_statements": 22, "percent_covered": 100.0, "percent_covered_display": "100", "missing_lines": 0, "excluded_lines": 0, "percent_statements_covered": 100.0, "percent_statements_covered_display": "100"}, "missing_lines": [], "excluded_lines": [], "start_line": 1}}, "classes": {"Settings": {"executed_lines": [25, 41, 45], "summary": {"covered_lines": 3, "num_statements": 3, "percent_covered": 100.0, "percent_covered_display": "100", "missing_lines": 0, "excluded_lines": 0, "percent_statements_covered": 100.0, "percent_statements_covered_display": "100"}, "missing_lines": [], "excluded_lines": [], "start_line": 12}, "": {"executed_lines": [1, 3, 4, 5, 8, 11, 12, 13, 14, 15, 16, 17, 18, 19, 20, 21, 23, 24, 39, 40, 43, 44], "summary": {"covered_lines": 22, "num_statements": 22, "percent_covered": 100.0, "percent_covered_display": "100", "missing_lines": 0, "excluded_lines": 0, "percent_statements_covered": 100.0, "percent_statements_covered_display": "100"}, "missing_lines": [], "excluded_lines": [], "start_line": 1}}}, "app\\models\\__init__.py": {"executed_lines": [1, 3], "summary": {"covered_lines": 2, "num_statements": 2, "percent_covered": 100.0, "percent_covered_display": "100", "missing_lines": 0, "excluded_lines": 0, "percent_statements_covered": 100.0, "percent_statements_covered_display": "100"}, "missing_lines": [], "excluded_lines": [], "functions": {"": {"executed_lines": [1, 3], "summary": {"covered_lines": 2, "num_statements": 2, "percent_covered": 100.0, "percent_covered_display": "100", "missing_lines": 0, "excluded_lines": 0, "percent_statements_covered": 100.0, "percent_statements_covered_display": "100"}, "missing_lines": [], "excluded_lines": [], "start_line": 1}}, "classes": {"": {"executed_lines": [1, 3], "summary": {"covered_lines": 2, "num_statements": 2, "percent_covered": 100.0, "percent_covered_display": "100", "missing_lines": 0, "excluded_lines": 0, "percent_statements_covered": 100.0, "percent_statements_covered_display": "100"}, "missing_lines": [], "excluded_lines": [], "start_line": 1}}}, "app\\models\\risk_router.py": {"executed_lines": [1, 3, 4, 5, 6, 7, 9, 12, 17, 23, 26, 27, 28, 29, 30, 31, 32, 33, 34, 35, 37, 38, 39, 40, 41, 42, 43, 44, 47, 49, 50, 51, 52, 53, 54, 55, 58, 59, 60, 61, 62, 63, 64, 76, 77, 78, 79, 80, 92, 93, 94, 99, 100, 101, 102], "summary": {"covered_lines": 55, "num_statements": 71, "percent_covered": 77.46478873239437, "percent_covered_display": "77", "missing_lines": 16, "excluded_lines": 0, "percent_statements_covered": 77.46478873239437, "percent_statements_covered_display": "77"}, "missing_lines": [45, 46, 65, 66, 67, 68, 69, 70, 71, 72, 73, 74, 95, 96, 97, 98], "excluded_lines": [], "functions": {"RiskRouter.__init__": {"executed_lines": [27, 28, 29, 30, 31, 32, 33, 34, 35], "summary": {"covered_lines": 9, "num_statements": 9, "percent_covered": 100.0, "percent_covered_display": "100", "missing_lines": 0, "excluded_lines": 0, "percent_statements_covered": 100.0, "percent_statements_covered_display": "100"}, "missing_lines": [], "excluded_lines": [], "start_line": 26}, "RiskRouter._fallback": {"executed_lines": [38, 39, 40, 41, 42, 43, 44, 47], "summary": {"covered_lines": 8, "num_statements": 10, "percent_covered": 80.0, "percent_covered_display": "80", "missing_lines": 2, "excluded_lines": 0, "percent_statements_covered": 80.0, "percent_statements_covered_display": "80"}, "missing_lines": [45, 46], "excluded_lines": [], "start_line": 37}, "RiskRouter.predict": {"executed_lines": [50, 51, 52, 53, 54, 55, 58, 59, 60, 61, 62, 63, 64, 76, 77, 78, 79, 80], "summary": {"covered_lines": 18, "num_statements": 28, "percent_covered": 64.28571428571429, "percent_covered_display": "64", "missing_lines": 10, "excluded_lines": 0, "percent_statements_covered": 64.28571428571429, "percent_statements_covered_display": "64"}, "missing_lines": [65, 66, 67, 68, 69, 70, 71, 72, 73, 74], "excluded_lines": [], "start_line": 49}, "RiskRouter.status": {"executed_lines": [93, 94, 99, 100, 101, 102], "summary": {"covered_lines": 6, "num_statements": 10, "percent_covered": 60.0, "percent_covered_display": "60", "missing_lines": 4, "excluded_lines": 0, "percent_statements_covered": 60.0, "percent_statements_covered_display": "60"}, "missing_lines": [95, 96, 97, 98], "excluded_lines": [], "start_line": 92}, "": {"executed_lines": [1, 3, 4, 5, 6, 7, 9, 12, 17, 23, 26, 37, 49, 92], "summary": {"covered_lines": 14, "num_statements": 14, "percent_covered": 100.0, "percent_covered_display": "100", "missing_lines": 0, "excluded_lines": 0, "percent_statements_covered": 100.0, "percent_statements_covered_display": "100"}, "missing_lines": [], "excluded_lines": [], "start_line": 1}}, "classes": {"RiskRouter": {"executed_lines": [27, 28, 29, 30, 31, 32, 33, 34, 35, 38, 39, 40, 41, 42, 43, 44, 47, 50, 51, 52, 53, 54, 55, 58, 59, 60, 61, 62, 63, 64, 76, 77, 78, 79, 80, 93, 94, 99, 100, 101, 102], "summary": {"covered_lines": 41, "num_statements": 57, "percent_covered": 71.9298245614035, "percent_covered_display": "72", "missing_lines": 16, "excluded_lines": 0, "percent_statements_covered": 71.9298245614035, "percent_statements_covered_display": "72"}, "missing_lines": [45, 46, 65, 66, 67, 68, 69, 70, 71, 72, 73, 74, 95, 96, 97, 98], "excluded_lines": [], "start_line": 23}, "": {"executed_lines": [1, 3, 4, 5, 6, 7, 9, 12, 17, 23, 26, 37, 49, 92], "summary": {"covered_lines": 14, "num_statements": 14, "percent_covered": 100.0, "percent_covered_display": "100", "missing_lines": 0, "excluded_lines": 0, "percent_statements_covered": 100.0, "percent_statements_covered_display": "100"}, "missing_lines": [], "excluded_lines": [], "start_line": 1}}}, "app\\ops\\__init__.py": {"executed_lines": [], "summary": {"covered_lines": 0, "num_statements": 0, "percent_covered": 100.0, "percent_covered_display": "100", "missing_lines": 0, "excluded_lines": 0, "percent_statements_covered": 100.0, "percent_statements_covered_display": "100"}, "missing_lines": [], "excluded_lines": [], "functions": {"": {"executed_lines": [], "summary": {"covered_lines": 0, "num_statements": 0, "percent_covered": 100.0, "percent_covered_display": "100", "missing_lines": 0, "excluded_lines": 0, "percent_statements_covered": 100.0, "percent_statements_covered_display": "100"}, "missing_lines": [], "excluded_lines": [], "start_line": 1}}, "classes": {"": {"executed_lines": [], "summary": {"covered_lines": 0, "num_statements": 0, "percent_covered": 100.0, "percent_covered_display": "100", "missing_lines": 0, "excluded_lines": 0, "percent_statements_covered": 100.0, "percent_statements_covered_display": "100"}, "missing_lines": [], "excluded_lines": [], "start_line": 1}}}, "app\\ops\\backup.py": {"executed_lines": [1, 3, 4, 5, 6, 7, 8, 9, 10, 11, 13, 14, 17, 27, 28, 31, 32, 35, 36, 37, 38, 39, 40, 43, 45, 47, 48, 49, 50, 51, 52, 53, 54, 55, 58, 66, 67, 68, 69, 70, 71, 72, 73, 74, 75, 78, 86, 87, 88, 89, 90, 91, 92, 93, 94, 95, 96, 97, 99, 104, 105, 108, 117, 125, 127, 128, 129, 130, 131, 132, 134, 135, 136, 138, 144, 145, 150, 164, 194], "summary": {"covered_lines": 79, "num_statements": 110, "percent_covered": 71.81818181818181, "percent_covered_display": "72", "missing_lines": 31, "excluded_lines": 0, "percent_statements_covered": 71.81818181818181, "percent_statements_covered_display": "72"}, "missing_lines": [46, 98, 106, 107, 126, 133, 137, 159, 160, 161, 165, 166, 167, 168, 169, 170, 171, 172, 173, 174, 175, 176, 177, 178, 179, 186, 187, 189, 190, 191, 195], "excluded_lines": [], "functions": {"timestamp": {"executed_lines": [28], "summary": {"covered_lines": 1, "num_statements": 1, "percent_covered": 100.0, "percent_covered_display": "100", "missing_lines": 0, "excluded_lines": 0, "percent_statements_covered": 100.0, "percent_statements_covered_display": "100"}, "missing_lines": [], "excluded_lines": [], "start_line": 27}, "database_counts": {"executed_lines": [32], "summary": {"covered_lines": 1, "num_statements": 1, "percent_covered": 100.0, "percent_covered_display": "100", "missing_lines": 0, "excluded_lines": 0, "percent_statements_covered": 100.0, "percent_statements_covered_display": "100"}, "missing_lines": [], "excluded_lines": [], "start_line": 31}, "online_backup": {"executed_lines": [36, 37, 38, 39, 40], "summary": {"covered_lines": 5, "num_statements": 5, "percent_covered": 100.0, "percent_covered_display": "100", "missing_lines": 0, "excluded_lines": 0, "percent_statements_covered": 100.0, "percent_statements_covered_display": "100"}, "missing_lines": [], "excluded_lines": [], "start_line": 35}, "verify_restore": {"executed_lines": [45, 47, 48, 49, 50, 51, 52, 53, 54, 55, 58], "summary": {"covered_lines": 11, "num_statements": 12, "percent_covered": 91.66666666666667, "percent_covered_display": "92", "missing_lines": 1, "excluded_lines": 0, "percent_statements_covered": 91.66666666666667, "percent_statements_covered_display": "92"}, "missing_lines": [46], "excluded_lines": [], "start_line": 43}, "prune_backups": {"executed_lines": [67, 68, 69, 70, 71, 72, 73, 74, 75], "summary": {"covered_lines": 9, "num_statements": 9, "percent_covered": 100.0, "percent_covered_display": "100", "missing_lines": 0, "excluded_lines": 0, "percent_statements_covered": 100.0, "percent_statements_covered_display": "100"}, "missing_lines": [], "excluded_lines": [], "start_line": 66}, "create_weekly_snapshot": {"executed_lines": [86, 87, 88, 89, 90, 91, 92, 93, 94, 95, 96, 97, 99, 104, 105, 108], "summary": {"covered_lines": 16, "num_statements": 19, "percent_covered": 84.21052631578948, "percent_covered_display": "84", "missing_lines": 3, "excluded_lines": 0, "percent_statements_covered": 84.21052631578948, "percent_statements_covered_display": "84"}, "missing_lines": [98, 106, 107], "excluded_lines": [], "start_line": 78}, "create_and_verify": {"executed_lines": [125, 127, 128, 129, 130, 131, 132, 134, 135, 136, 138, 144, 145, 150], "summary": {"covered_lines": 14, "num_statements": 20, "percent_covered": 70.0, "percent_covered_display": "70", "missing_lines": 6, "excluded_lines": 0, "percent_statements_covered": 70.0, "percent_statements_covered_display": "70"}, "missing_lines": [126, 133, 137, 159, 160, 161], "excluded_lines": [], "start_line": 117}, "main": {"executed_lines": [], "summary": {"covered_lines": 0, "num_statements": 20, "percent_covered": 0.0, "percent_covered_display": "0", "missing_lines": 20, "excluded_lines": 0, "percent_statements_covered": 0.0, "percent_statements_covered_display": "0"}, "missing_lines": [165, 166, 167, 168, 169, 170, 171, 172, 173, 174, 175, 176, 177, 178, 179, 186, 187, 189, 190, 191], "excluded_lines": [], "start_line": 164}, "": {"executed_lines": [1, 3, 4, 5, 6, 7, 8, 9, 10, 11, 13, 14, 17, 27, 31, 35, 43, 66, 78, 117, 164, 194], "summary": {"covered_lines": 22, "num_statements": 23, "percent_covered": 95.65217391304348, "percent_covered_display": "96", "missing_lines": 1, "excluded_lines": 0, "percent_statements_covered": 95.65217391304348, "percent_statements_covered_display": "96"}, "missing_lines": [195], "excluded_lines": [], "start_line": 1}}, "classes": {"": {"executed_lines": [1, 3, 4, 5, 6, 7, 8, 9, 10, 11, 13, 14, 17, 27, 28, 31, 32, 35, 36, 37, 38, 39, 40, 43, 45, 47, 48, 49, 50, 51, 52, 53, 54, 55, 58, 66, 67, 68, 69, 70, 71, 72, 73, 74, 75, 78, 86, 87, 88, 89, 90, 91, 92, 93, 94, 95, 96, 97, 99, 104, 105, 108, 117, 125, 127, 128, 129, 130, 131, 132, 134, 135, 136, 138, 144, 145, 150, 164, 194], "summary": {"covered_lines": 79, "num_statements": 110, "percent_covered": 71.81818181818181, "percent_covered_display": "72", "missing_lines": 31, "excluded_lines": 0, "percent_statements_covered": 71.81818181818181, "percent_statements_covered_display": "72"}, "missing_lines": [46, 98, 106, 107, 126, 133, 137, 159, 160, 161, 165, 166, 167, 168, 169, 170, 171, 172, 173, 174, 175, 176, 177, 178, 179, 186, 187, 189, 190, 191, 195], "excluded_lines": [], "start_line": 1}}}, "app\\services\\__init__.py": {"executed_lines": [1, 2, 4], "summary": {"covered_lines": 3, "num_statements": 3, "percent_covered": 100.0, "percent_covered_display": "100", "missing_lines": 0, "excluded_lines": 0, "percent_statements_covered": 100.0, "percent_statements_covered_display": "100"}, "missing_lines": [], "excluded_lines": [], "functions": {"": {"executed_lines": [1, 2, 4], "summary": {"covered_lines": 3, "num_statements": 3, "percent_covered": 100.0, "percent_covered_display": "100", "missing_lines": 0, "excluded_lines": 0, "percent_statements_covered": 100.0, "percent_statements_covered_display": "100"}, "missing_lines": [], "excluded_lines": [], "start_line": 1}}, "classes": {"": {"executed_lines": [1, 2, 4], "summary": {"covered_lines": 3, "num_statements": 3, "percent_covered": 100.0, "percent_covered_display": "100", "missing_lines": 0, "excluded_lines": 0, "percent_statements_covered": 100.0, "percent_statements_covered_display": "100"}, "missing_lines": [], "excluded_lines": [], "start_line": 1}}}, "app\\services\\evidence_agent.py": {"executed_lines": [1, 3, 4, 5, 6, 7, 8, 10, 13, 14, 15, 16, 17, 20, 21, 22, 25, 26, 29, 30, 33, 40, 46, 47, 48, 50, 51, 52, 53, 54, 55, 56, 60, 72, 73, 74, 86, 92, 93, 94, 95, 96, 97, 98, 100, 101, 103, 104, 108, 109, 114, 115, 116, 123, 136, 138, 139, 140, 141, 142, 143, 144, 145, 146, 147, 150, 151, 152, 153, 154, 155, 157, 158, 163, 164, 165, 170, 171, 172, 174, 175, 176, 177, 178, 180, 181, 188, 189, 190, 191, 192, 193, 194, 224, 225, 226], "summary": {"covered_lines": 96, "num_statements": 101, "percent_covered": 95.04950495049505, "percent_covered_display": "95", "missing_lines": 5, "excluded_lines": 0, "percent_statements_covered": 95.04950495049505, "percent_statements_covered_display": "95"}, "missing_lines": [57, 99, 102, 148, 179], "excluded_lines": [], "functions": {"_stable_id": {"executed_lines": [21, 22], "summary": {"covered_lines": 2, "num_statements": 2, "percent_covered": 100.0, "percent_covered_display": "100", "missing_lines": 0, "excluded_lines": 0, "percent_statements_covered": 100.0, "percent_statements_covered_display": "100"}, "missing_lines": [], "excluded_lines": [], "start_line": 20}, "_sentences": {"executed_lines": [26], "summary": {"covered_lines": 1, "num_statements": 1, "percent_covered": 100.0, "percent_covered_display": "100", "missing_lines": 0, "excluded_lines": 0, "percent_statements_covered": 100.0, "percent_statements_covered_display": "100"}, "missing_lines": [], "excluded_lines": [], "start_line": 25}, "_tokens": {"executed_lines": [30], "summary": {"covered_lines": 1, "num_statements": 1, "percent_covered": 100.0, "percent_covered_display": "100", "missing_lines": 0, "excluded_lines": 0, "percent_statements_covered": 100.0, "percent_statements_covered_display": "100"}, "missing_lines": [], "excluded_lines": [], "start_line": 29}, "EvidenceAgent.__init__": {"executed_lines": [46, 47, 48], "summary": {"covered_lines": 3, "num_statements": 3, "percent_covered": 100.0, "percent_covered_display": "100", "missing_lines": 0, "excluded_lines": 0, "percent_statements_covered": 100.0, "percent_statements_covered_display": "100"}, "missing_lines": [], "excluded_lines": [], "start_line": 40}, "EvidenceAgent._extract_claims": {"executed_lines": [52, 53, 54, 55, 56, 60], "summary": {"covered_lines": 6, "num_statements": 7, "percent_covered": 85.71428571428571, "percent_covered_display": "86", "missing_lines": 1, "excluded_lines": 0, "percent_statements_covered": 85.71428571428571, "percent_statements_covered_display": "86"}, "missing_lines": [57], "excluded_lines": [], "start_line": 51}, "EvidenceAgent._build_plan": {"executed_lines": [74], "summary": {"covered_lines": 1, "num_statements": 1, "percent_covered": 100.0, "percent_covered_display": "100", "missing_lines": 0, "excluded_lines": 0, "percent_statements_covered": 100.0, "percent_statements_covered_display": "100"}, "missing_lines": [], "excluded_lines": [], "start_line": 73}, "EvidenceAgent._propose_edges": {"executed_lines": [92, 93, 94, 95, 96, 97, 98, 100, 101, 103, 104, 108, 109, 114, 115, 116, 123, 136], "summary": {"covered_lines": 18, "num_statements": 20, "percent_covered": 90.0, "percent_covered_display": "90", "missing_lines": 2, "excluded_lines": 0, "percent_statements_covered": 90.0, "percent_statements_covered_display": "90"}, "missing_lines": [99, 102], "excluded_lines": [], "start_line": 86}, "EvidenceAgent._status": {"executed_lines": [140, 141, 142, 143, 144, 145, 146, 147, 150, 151, 152, 153, 154, 155], "summary": {"covered_lines": 14, "num_statements": 15, "percent_covered": 93.33333333333333, "percent_covered_display": "93", "missing_lines": 1, "excluded_lines": 0, "percent_statements_covered": 93.33333333333333, "percent_statements_covered_display": "93"}, "missing_lines": [148], "excluded_lines": [], "start_line": 139}, "EvidenceAgent._render_summary": {"executed_lines": [163, 164, 165, 170, 171, 172], "summary": {"covered_lines": 6, "num_statements": 6, "percent_covered": 100.0, "percent_covered_display": "100", "missing_lines": 0, "excluded_lines": 0, "percent_statements_covered": 100.0, "percent_statements_covered_display": "100"}, "missing_lines": [], "excluded_lines": [], "start_line": 158}, "EvidenceAgent.run": {"executed_lines": [175, 176, 177, 178, 180, 181, 188, 189, 190, 191, 192, 193, 194, 224, 225, 226], "summary": {"covered_lines": 16, "num_statements": 17, "percent_covered": 94.11764705882354, "percent_covered_display": "94", "missing_lines": 1, "excluded_lines": 0, "percent_statements_covered": 94.11764705882354, "percent_statements_covered_display": "94"}, "missing_lines": [179], "excluded_lines": [], "start_line": 174}, "": {"executed_lines": [1, 3, 4, 5, 6, 7, 8, 10, 13, 14, 15, 16, 17, 20, 25, 29, 33, 40, 50, 51, 72, 73, 86, 138, 139, 157, 158, 174], "summary": {"covered_lines": 28, "num_statements": 28, "percent_covered": 100.0, "percent_covered_display": "100", "missing_lines": 0, "excluded_lines": 0, "percent_statements_covered": 100.0, "percent_statements_covered_display": "100"}, "missing_lines": [], "excluded_lines": [], "start_line": 1}}, "classes": {"EvidenceAgent": {"executed_lines": [46, 47, 48, 52, 53, 54, 55, 56, 60, 74, 92, 93, 94, 95, 96, 97, 98, 100, 101, 103, 104, 108, 109, 114, 115, 116, 123, 136, 140, 141, 142, 143, 144, 145, 146, 147, 150, 151, 152, 153, 154, 155, 163, 164, 165, 170, 171, 172, 175, 176, 177, 178, 180, 181, 188, 189, 190, 191, 192, 193, 194, 224, 225, 226], "summary": {"covered_lines": 64, "num_statements": 69, "percent_covered": 92.7536231884058, "percent_covered_display": "93", "missing_lines": 5, "excluded_lines": 0, "percent_statements_covered": 92.7536231884058, "percent_statements_covered_display": "93"}, "missing_lines": [57, 99, 102, 148, 179], "excluded_lines": [], "start_line": 33}, "": {"executed_lines": [1, 3, 4, 5, 6, 7, 8, 10, 13, 14, 15, 16, 17, 20, 21, 22, 25, 26, 29, 30, 33, 40, 50, 51, 72, 73, 86, 138, 139, 157, 158, 174], "summary": {"covered_lines": 32, "num_statements": 32, "percent_covered": 100.0, "percent_covered_display": "100", "missing_lines": 0, "excluded_lines": 0, "percent_statements_covered": 100.0, "percent_statements_covered_display": "100"}, "missing_lines": [], "excluded_lines": [], "start_line": 1}}}, "app\\services\\replay.py": {"executed_lines": [1, 3, 4, 5, 7, 8, 11, 12, 15, 18, 24, 25, 26, 28, 29, 30, 31, 32, 33, 34, 35, 36, 37, 38, 40, 41, 42, 43, 46, 47, 48, 49, 50, 51, 52, 53, 54, 55, 56, 57, 60, 68, 69, 70, 71, 72, 73, 74, 75, 76, 77, 80, 81, 82, 83, 84, 85, 86, 87, 89, 90, 91, 100, 108, 109, 122, 123, 124, 129], "summary": {"covered_lines": 69, "num_statements": 76, "percent_covered": 90.78947368421052, "percent_covered_display": "91", "missing_lines": 7, "excluded_lines": 0, "percent_statements_covered": 90.78947368421052, "percent_statements_covered_display": "91"}, "missing_lines": [44, 59, 125, 126, 127, 130, 131], "excluded_lines": [], "functions": {"ReplayService.__init__": {"executed_lines": [24, 25, 26], "summary": {"covered_lines": 3, "num_statements": 3, "percent_covered": 100.0, "percent_covered_display": "100", "missing_lines": 0, "excluded_lines": 0, "percent_statements_covered": 100.0, "percent_statements_covered_display": "100"}, "missing_lines": [], "excluded_lines": [], "start_line": 18}, "ReplayService.cases": {"executed_lines": [29, 30, 31, 32, 33, 34, 35, 36, 37, 38], "summary": {"covered_lines": 10, "num_statements": 10, "percent_covered": 100.0, "percent_covered_display": "100", "missing_lines": 0, "excluded_lines": 0, "percent_statements_covered": 100.0, "percent_statements_covered_display": "100"}, "missing_lines": [], "excluded_lines": [], "start_line": 28}, "ReplayService.get_case": {"executed_lines": [41, 42, 43], "summary": {"covered_lines": 3, "num_statements": 4, "percent_covered": 75.0, "percent_covered_display": "75", "missing_lines": 1, "excluded_lines": 0, "percent_statements_covered": 75.0, "percent_statements_covered_display": "75"}, "missing_lines": [44], "excluded_lines": [], "start_line": 40}, "ReplayService._evidence_state": {"executed_lines": [48, 49, 50, 51, 52, 53, 54, 55, 56, 57, 60], "summary": {"covered_lines": 11, "num_statements": 12, "percent_covered": 91.66666666666667, "percent_covered_display": "92", "missing_lines": 1, "excluded_lines": 0, "percent_statements_covered": 91.66666666666667, "percent_statements_covered_display": "92"}, "missing_lines": [59], "excluded_lines": [], "start_line": 47}, "ReplayService.run": {"executed_lines": [69, 70, 71, 72, 73, 74, 75, 76, 77, 80, 81, 82, 83, 84, 85, 86, 87, 89, 90, 91, 100, 108, 109, 122, 123, 124], "summary": {"covered_lines": 26, "num_statements": 29, "percent_covered": 89.65517241379311, "percent_covered_display": "90", "missing_lines": 3, "excluded_lines": 0, "percent_statements_covered": 89.65517241379311, "percent_statements_covered_display": "90"}, "missing_lines": [125, 126, 127], "excluded_lines": [], "start_line": 68}, "ReplayService.reset": {"executed_lines": [], "summary": {"covered_lines": 0, "num_statements": 2, "percent_covered": 0.0, "percent_covered_display": "0", "missing_lines": 2, "excluded_lines": 0, "percent_statements_covered": 0.0, "percent_statements_covered_display": "0"}, "missing_lines": [130, 131], "excluded_lines": [], "start_line": 129}, "": {"executed_lines": [1, 3, 4, 5, 7, 8, 11, 12, 15, 18, 28, 40, 46, 47, 68, 129], "summary": {"covered_lines": 16, "num_statements": 16, "percent_covered": 100.0, "percent_covered_display": "100", "missing_lines": 0, "excluded_lines": 0, "percent_statements_covered": 100.0, "percent_statements_covered_display": "100"}, "missing_lines": [], "excluded_lines": [], "start_line": 1}}, "classes": {"ReplayCaseNotFound": {"executed_lines": [], "summary": {"covered_lines": 0, "num_statements": 0, "percent_covered": 100.0, "percent_covered_display": "100", "missing_lines": 0, "excluded_lines": 0, "percent_statements_covered": 100.0, "percent_statements_covered_display": "100"}, "missing_lines": [], "excluded_lines": [], "start_line": 11}, "ReplayService": {"executed_lines": [24, 25, 26, 29, 30, 31, 32, 33, 34, 35, 36, 37, 38, 41, 42, 43, 48, 49, 50, 51, 52, 53, 54, 55, 56, 57, 60, 69, 70, 71, 72, 73, 74, 75, 76, 77, 80, 81, 82, 83, 84, 85, 86, 87, 89, 90, 91, 100, 108, 109, 122, 123, 124], "summary": {"covered_lines": 53, "num_statements": 60, "percent_covered": 88.33333333333333, "percent_covered_display": "88", "missing_lines": 7, "excluded_lines": 0, "percent_statements_covered": 88.33333333333333, "percent_statements_covered_display": "88"}, "missing_lines": [44, 59, 125, 126, 127, 130, 131], "excluded_lines": [], "start_line": 15}, "": {"executed_lines": [1, 3, 4, 5, 7, 8, 11, 12, 15, 18, 28, 40, 46, 47, 68, 129], "summary": {"covered_lines": 16, "num_statements": 16, "percent_covered": 100.0, "percent_covered_display": "100", "missing_lines": 0, "excluded_lines": 0, "percent_statements_covered": 100.0, "percent_statements_covered_display": "100"}, "missing_lines": [], "excluded_lines": [], "start_line": 1}}}, "app\\storage\\__init__.py": {"executed_lines": [3, 4, 5, 7], "summary": {"covered_lines": 4, "num_statements": 4, "percent_covered": 100.0, "percent_covered_display": "100", "missing_lines": 0, "excluded_lines": 0, "percent_statements_covered": 100.0, "percent_statements_covered_display": "100"}, "missing_lines": [], "excluded_lines": [], "functions": {"": {"executed_lines": [3, 4, 5, 7], "summary": {"covered_lines": 4, "num_statements": 4, "percent_covered": 100.0, "percent_covered_display": "100", "missing_lines": 0, "excluded_lines": 0, "percent_statements_covered": 100.0, "percent_statements_covered_display": "100"}, "missing_lines": [], "excluded_lines": [], "start_line": 1}}, "classes": {"": {"executed_lines": [3, 4, 5, 7], "summary": {"covered_lines": 4, "num_statements": 4, "percent_covered": 100.0, "percent_covered_display": "100", "missing_lines": 0, "excluded_lines": 0, "percent_statements_covered": 100.0, "percent_statements_covered_display": "100"}, "missing_lines": [], "excluded_lines": [], "start_line": 1}}}, "app\\storage\\content_store.py": {"executed_lines": [1, 3, 4, 5, 8, 16, 19, 20, 22, 23, 25, 26, 27, 28, 29, 30, 35, 36, 37, 38, 45, 46, 48, 49, 50], "summary": {"covered_lines": 25, "num_statements": 29, "percent_covered": 86.20689655172414, "percent_covered_display": "86", "missing_lines": 4, "excluded_lines": 0, "percent_statements_covered": 86.20689655172414, "percent_statements_covered_display": "86"}, "missing_lines": [24, 31, 32, 33], "excluded_lines": [], "functions": {"EvidenceObjectStore.__init__": {"executed_lines": [20], "summary": {"covered_lines": 1, "num_statements": 1, "percent_covered": 100.0, "percent_covered_display": "100", "missing_lines": 0, "excluded_lines": 0, "percent_statements_covered": 100.0, "percent_statements_covered_display": "100"}, "missing_lines": [], "excluded_lines": [], "start_line": 19}, "EvidenceObjectStore.put_bytes": {"executed_lines": [23, 25, 26, 27, 28, 29, 30, 35, 36, 37, 38], "summary": {"covered_lines": 11, "num_statements": 15, "percent_covered": 73.33333333333333, "percent_covered_display": "73", "missing_lines": 4, "excluded_lines": 0, "percent_statements_covered": 73.33333333333333, "percent_statements_covered_display": "73"}, "missing_lines": [24, 31, 32, 33], "excluded_lines": [], "start_line": 22}, "EvidenceObjectStore.put_text": {"executed_lines": [46], "summary": {"covered_lines": 1, "num_statements": 1, "percent_covered": 100.0, "percent_covered_display": "100", "missing_lines": 0, "excluded_lines": 0, "percent_statements_covered": 100.0, "percent_statements_covered_display": "100"}, "missing_lines": [], "excluded_lines": [], "start_line": 45}, "EvidenceObjectStore.verify": {"executed_lines": [49, 50], "summary": {"covered_lines": 2, "num_statements": 2, "percent_covered": 100.0, "percent_covered_display": "100", "missing_lines": 0, "excluded_lines": 0, "percent_statements_covered": 100.0, "percent_statements_covered_display": "100"}, "missing_lines": [], "excluded_lines": [], "start_line": 48}, "": {"executed_lines": [1, 3, 4, 5, 8, 16, 19, 22, 45, 48], "summary": {"covered_lines": 10, "num_statements": 10, "percent_covered": 100.0, "percent_covered_display": "100", "missing_lines": 0, "excluded_lines": 0, "percent_statements_covered": 100.0, "percent_statements_covered_display": "100"}, "missing_lines": [], "excluded_lines": [], "start_line": 1}}, "classes": {"EvidenceObjectStore": {"executed_lines": [20, 23, 25, 26, 27, 28, 29, 30, 35, 36, 37, 38, 46, 49, 50], "summary": {"covered_lines": 15, "num_statements": 19, "percent_covered": 78.94736842105263, "percent_covered_display": "79", "missing_lines": 4, "excluded_lines": 0, "percent_statements_covered": 78.94736842105263, "percent_statements_covered_display": "79"}, "missing_lines": [24, 31, 32, 33], "excluded_lines": [], "start_line": 16}, "": {"executed_lines": [1, 3, 4, 5, 8, 16, 19, 22, 45, 48], "summary": {"covered_lines": 10, "num_statements": 10, "percent_covered": 100.0, "percent_covered_display": "100", "missing_lines": 0, "excluded_lines": 0, "percent_statements_covered": 100.0, "percent_statements_covered_display": "100"}, "missing_lines": [], "excluded_lines": [], "start_line": 1}}}, "app\\storage\\ledger.py": {"executed_lines": [1, 3, 4, 5, 6, 7, 10, 11, 14, 15, 17, 18, 23, 26, 27, 29, 30, 32, 37, 38, 39, 40, 41, 43, 44, 45, 48, 50, 51, 52, 53, 66, 72, 83, 86, 98, 125, 151, 196, 197, 198, 199, 201, 207, 208, 209, 215, 225, 228, 235, 242, 251, 252, 253, 264, 266, 267, 268, 269, 272, 273, 274, 275, 282, 283, 284, 289, 291, 292, 293, 294, 295, 297, 299], "summary": {"covered_lines": 74, "num_statements": 129, "percent_covered": 57.36434108527132, "percent_covered_display": "57", "missing_lines": 55, "excluded_lines": 0, "percent_statements_covered": 57.36434108527132, "percent_statements_covered_display": "57"}, "missing_lines": [16, 19, 20, 31, 99, 100, 101, 107, 110, 116, 126, 127, 128, 129, 135, 136, 137, 138, 139, 140, 141, 142, 143, 144, 145, 146, 147, 148, 149, 160, 161, 162, 163, 164, 165, 166, 167, 168, 169, 170, 171, 174, 175, 176, 180, 181, 182, 194, 200, 226, 227, 287, 288, 296, 298], "excluded_lines": [], "functions": {"_dict": {"executed_lines": [11], "summary": {"covered_lines": 1, "num_statements": 1, "percent_covered": 100.0, "percent_covered_display": "100", "missing_lines": 0, "excluded_lines": 0, "percent_statements_covered": 100.0, "percent_statements_covered_display": "100"}, "missing_lines": [], "excluded_lines": [], "start_line": 10}, "_json": {"executed_lines": [15, 17, 18], "summary": {"covered_lines": 3, "num_statements": 6, "percent_covered": 50.0, "percent_covered_display": "50", "missing_lines": 3, "excluded_lines": 0, "percent_statements_covered": 50.0, "percent_statements_covered_display": "50"}, "missing_lines": [16, 19, 20], "excluded_lines": [], "start_line": 14}, "LedgerRepository.__init__": {"executed_lines": [27], "summary": {"covered_lines": 1, "num_statements": 1, "percent_covered": 100.0, "percent_covered_display": "100", "missing_lines": 0, "excluded_lines": 0, "percent_statements_covered": 100.0, "percent_statements_covered_display": "100"}, "missing_lines": [], "excluded_lines": [], "start_line": 26}, "LedgerRepository.connect": {"executed_lines": [30, 32, 37, 38, 39, 40, 41], "summary": {"covered_lines": 7, "num_statements": 8, "percent_covered": 87.5, "percent_covered_display": "88", "missing_lines": 1, "excluded_lines": 0, "percent_statements_covered": 87.5, "percent_statements_covered_display": "88"}, "missing_lines": [31], "excluded_lines": [], "start_line": 29}, "LedgerRepository.schema_version": {"executed_lines": [44, 45, 48], "summary": {"covered_lines": 3, "num_statements": 3, "percent_covered": 100.0, "percent_covered_display": "100", "missing_lines": 0, "excluded_lines": 0, "percent_statements_covered": 100.0, "percent_statements_covered_display": "100"}, "missing_lines": [], "excluded_lines": [], "start_line": 43}, "LedgerRepository.health": {"executed_lines": [51, 52, 53, 66, 72, 83, 86], "summary": {"covered_lines": 7, "num_statements": 7, "percent_covered": 100.0, "percent_covered_display": "100", "missing_lines": 0, "excluded_lines": 0, "percent_statements_covered": 100.0, "percent_statements_covered_display": "100"}, "missing_lines": [], "excluded_lines": [], "start_line": 50}, "LedgerRepository.overview": {"executed_lines": [], "summary": {"covered_lines": 0, "num_statements": 6, "percent_covered": 0.0, "percent_covered_display": "0", "missing_lines": 6, "excluded_lines": 0, "percent_statements_covered": 0.0, "percent_statements_covered_display": "0"}, "missing_lines": [99, 100, 101, 107, 110, 116], "excluded_lines": [], "start_line": 98}, "LedgerRepository.list_source_health": {"executed_lines": [], "summary": {"covered_lines": 0, "num_statements": 19, "percent_covered": 0.0, "percent_covered_display": "0", "missing_lines": 19, "excluded_lines": 0, "percent_statements_covered": 0.0, "percent_statements_covered_display": "0"}, "missing_lines": [126, 127, 128, 129, 135, 136, 137, 138, 139, 140, 141, 142, 143, 144, 145, 146, 147, 148, 149], "excluded_lines": [], "start_line": 125}, "LedgerRepository.list_events": {"executed_lines": [], "summary": {"covered_lines": 0, "num_statements": 19, "percent_covered": 0.0, "percent_covered_display": "0", "missing_lines": 19, "excluded_lines": 0, "percent_statements_covered": 0.0, "percent_statements_covered_display": "0"}, "missing_lines": [160, 161, 162, 163, 164, 165, 166, 167, 168, 169, 170, 171, 174, 175, 176, 180, 181, 182, 194], "excluded_lines": [], "start_line": 151}, "LedgerRepository.event_detail": {"executed_lines": [197, 198, 199, 201, 207, 208, 209, 215, 225, 228, 235, 242], "summary": {"covered_lines": 12, "num_statements": 15, "percent_covered": 80.0, "percent_covered_display": "80", "missing_lines": 3, "excluded_lines": 0, "percent_statements_covered": 80.0, "percent_statements_covered_display": "80"}, "missing_lines": [200, 226, 227], "excluded_lines": [], "start_line": 196}, "LedgerRepository.event_evidence": {"executed_lines": [252, 253, 264], "summary": {"covered_lines": 3, "num_statements": 3, "percent_covered": 100.0, "percent_covered_display": "100", "missing_lines": 0, "excluded_lines": 0, "percent_statements_covered": 100.0, "percent_statements_covered_display": "100"}, "missing_lines": [], "excluded_lines": [], "start_line": 251}, "LedgerRepository.event_timeline": {"executed_lines": [267, 268, 269, 272, 273, 274, 275, 282, 283, 284, 289], "summary": {"covered_lines": 11, "num_statements": 13, "percent_covered": 84.61538461538461, "percent_covered_display": "85", "missing_lines": 2, "excluded_lines": 0, "percent_statements_covered": 84.61538461538461, "percent_statements_covered_display": "85"}, "missing_lines": [287, 288], "excluded_lines": [], "start_line": 266}, "LedgerRepository.event_trace": {"executed_lines": [292, 293, 294, 295, 297, 299], "summary": {"covered_lines": 6, "num_statements": 8, "percent_covered": 75.0, "percent_covered_display": "75", "missing_lines": 2, "excluded_lines": 0, "percent_statements_covered": 75.0, "percent_statements_covered_display": "75"}, "missing_lines": [296, 298], "excluded_lines": [], "start_line": 291}, "": {"executed_lines": [1, 3, 4, 5, 6, 7, 10, 14, 23, 26, 29, 43, 50, 98, 125, 151, 196, 251, 266, 291], "summary": {"covered_lines": 20, "num_statements": 20, "percent_covered": 100.0, "percent_covered_display": "100", "missing_lines": 0, "excluded_lines": 0, "percent_statements_covered": 100.0, "percent_statements_covered_display": "100"}, "missing_lines": [], "excluded_lines": [], "start_line": 1}}, "classes": {"LedgerRepository": {"executed_lines": [27, 30, 32, 37, 38, 39, 40, 41, 44, 45, 48, 51, 52, 53, 66, 72, 83, 86, 197, 198, 199, 201, 207, 208, 209, 215, 225, 228, 235, 242, 252, 253, 264, 267, 268, 269, 272, 273, 274, 275, 282, 283, 284, 289, 292, 293, 294, 295, 297, 299], "summary": {"covered_lines": 50, "num_statements": 102, "percent_covered": 49.01960784313726, "percent_covered_display": "49", "missing_lines": 52, "excluded_lines": 0, "percent_statements_covered": 49.01960784313726, "percent_statements_covered_display": "49"}, "missing_lines": [31, 99, 100, 101, 107, 110, 116, 126, 127, 128, 129, 135, 136, 137, 138, 139, 140, 141, 142, 143, 144, 145, 146, 147, 148, 149, 160, 161, 162, 163, 164, 165, 166, 167, 168, 169, 170, 171, 174, 175, 176, 180, 181, 182, 194, 200, 226, 227, 287, 288, 296, 298], "excluded_lines": [], "start_line": 23}, "": {"executed_lines": [1, 3, 4, 5, 6, 7, 10, 11, 14, 15, 17, 18, 23, 26, 29, 43, 50, 98, 125, 151, 196, 251, 266, 291], "summary": {"covered_lines": 24, "num_statements": 27, "percent_covered": 88.88888888888889, "percent_covered_display": "89", "missing_lines": 3, "excluded_lines": 0, "percent_statements_covered": 88.88888888888889, "percent_statements_covered_display": "89"}, "missing_lines": [16, 19, 20], "excluded_lines": [], "start_line": 1}}}, "app\\storage\\operations.py": {"executed_lines": [1, 3, 4, 5, 6, 7, 8, 9, 12, 13, 16, 17, 20, 21, 24, 27, 28, 29, 30, 32, 33, 34, 35, 36, 37, 38, 40, 41, 42, 100, 104, 106, 107, 108, 109, 111, 112, 113, 118, 120, 121, 122, 124, 125, 126, 128, 129, 131, 132, 133, 134, 138, 139, 141, 142, 143, 147, 149, 157, 163, 164, 165, 166, 169, 170, 171, 172, 173, 174, 175, 177, 178, 179, 180, 195, 196, 198, 199, 200, 201, 202, 203, 204, 205, 206, 207, 208, 210, 212, 221, 222, 235, 241, 243, 244, 245, 256, 257, 258, 259, 260, 282, 283, 285, 286, 287, 294, 295, 296, 297, 298, 299, 301, 311, 312, 313, 328, 329, 331, 332, 333, 340, 341, 342, 343, 345, 346, 347, 348, 352, 353, 355, 356, 357, 361, 363, 364, 365, 366, 367, 368, 369, 370, 372, 373, 374, 375, 379, 380, 382, 383, 384, 389, 391, 399, 400, 401, 402, 403, 404, 405, 406, 408, 409, 410, 411, 423], "summary": {"covered_lines": 167, "num_statements": 181, "percent_covered": 92.26519337016575, "percent_covered_display": "92", "missing_lines": 14, "excluded_lines": 0, "percent_statements_covered": 92.26519337016575, "percent_statements_covered_display": "92"}, "missing_lines": [127, 150, 151, 155, 158, 159, 160, 161, 167, 168, 209, 392, 393, 397], "excluded_lines": [], "functions": {"utc_now": {"executed_lines": [17], "summary": {"covered_lines": 1, "num_statements": 1, "percent_covered": 100.0, "percent_covered_display": "100", "missing_lines": 0, "excluded_lines": 0, "percent_statements_covered": 100.0, "percent_statements_covered_display": "100"}, "missing_lines": [], "excluded_lines": [], "start_line": 16}, "_stable_json": {"executed_lines": [21], "summary": {"covered_lines": 1, "num_statements": 1, "percent_covered": 100.0, "percent_covered_display": "100", "missing_lines": 0, "excluded_lines": 0, "percent_statements_covered": 100.0, "percent_statements_covered_display": "100"}, "missing_lines": [], "excluded_lines": [], "start_line": 20}, "OperationsRepository.__init__": {"executed_lines": [28, 29, 30], "summary": {"covered_lines": 3, "num_statements": 3, "percent_covered": 100.0, "percent_covered_display": "100", "missing_lines": 0, "excluded_lines": 0, "percent_statements_covered": 100.0, "percent_statements_covered_display": "100"}, "missing_lines": [], "excluded_lines": [], "start_line": 27}, "OperationsRepository.connect": {"executed_lines": [33, 34, 35, 36, 37, 38], "summary": {"covered_lines": 6, "num_statements": 6, "percent_covered": 100.0, "percent_covered_display": "100", "missing_lines": 0, "excluded_lines": 0, "percent_statements_covered": 100.0, "percent_statements_covered_display": "100"}, "missing_lines": [], "excluded_lines": [], "start_line": 32}, "OperationsRepository.initialize": {"executed_lines": [41, 42, 100, 104], "summary": {"covered_lines": 4, "num_statements": 4, "percent_covered": 100.0, "percent_covered_display": "100", "missing_lines": 0, "excluded_lines": 0, "percent_statements_covered": 100.0, "percent_statements_covered_display": "100"}, "missing_lines": [], "excluded_lines": [], "start_line": 40}, "OperationsRepository.get_state": {"executed_lines": [107, 108, 109], "summary": {"covered_lines": 3, "num_statements": 3, "percent_covered": 100.0, "percent_covered_display": "100", "missing_lines": 0, "excluded_lines": 0, "percent_statements_covered": 100.0, "percent_statements_covered_display": "100"}, "missing_lines": [], "excluded_lines": [], "start_line": 106}, "OperationsRepository.set_state": {"executed_lines": [112, 113, 118], "summary": {"covered_lines": 3, "num_statements": 3, "percent_covered": 100.0, "percent_covered_display": "100", "missing_lines": 0, "excluded_lines": 0, "percent_statements_covered": 100.0, "percent_statements_covered_display": "100"}, "missing_lines": [], "excluded_lines": [], "start_line": 111}, "OperationsRepository.demo_mode": {"executed_lines": [121, 122], "summary": {"covered_lines": 2, "num_statements": 2, "percent_covered": 100.0, "percent_covered_display": "100", "missing_lines": 0, "excluded_lines": 0, "percent_statements_covered": 100.0, "percent_statements_covered_display": "100"}, "missing_lines": [], "excluded_lines": [], "start_line": 120}, "OperationsRepository.set_demo_mode": {"executed_lines": [125, 126, 128, 129], "summary": {"covered_lines": 4, "num_statements": 5, "percent_covered": 80.0, "percent_covered_display": "80", "missing_lines": 1, "excluded_lines": 0, "percent_statements_covered": 80.0, "percent_statements_covered_display": "80"}, "missing_lines": [127], "excluded_lines": [], "start_line": 124}, "OperationsRepository.create_replay_run": {"executed_lines": [132, 133, 134, 138, 139], "summary": {"covered_lines": 5, "num_statements": 5, "percent_covered": 100.0, "percent_covered_display": "100", "missing_lines": 0, "excluded_lines": 0, "percent_statements_covered": 100.0, "percent_statements_covered_display": "100"}, "missing_lines": [], "excluded_lines": [], "start_line": 131}, "OperationsRepository.finish_replay_run": {"executed_lines": [142, 143, 147], "summary": {"covered_lines": 3, "num_statements": 3, "percent_covered": 100.0, "percent_covered_display": "100", "missing_lines": 0, "excluded_lines": 0, "percent_statements_covered": 100.0, "percent_statements_covered_display": "100"}, "missing_lines": [], "excluded_lines": [], "start_line": 141}, "OperationsRepository.fail_replay_run": {"executed_lines": [], "summary": {"covered_lines": 0, "num_statements": 3, "percent_covered": 0.0, "percent_covered_display": "0", "missing_lines": 3, "excluded_lines": 0, "percent_statements_covered": 0.0, "percent_statements_covered_display": "0"}, "missing_lines": [150, 151, 155], "excluded_lines": [], "start_line": 149}, "OperationsRepository.reset_replays": {"executed_lines": [], "summary": {"covered_lines": 0, "num_statements": 4, "percent_covered": 0.0, "percent_covered_display": "0", "missing_lines": 4, "excluded_lines": 0, "percent_statements_covered": 0.0, "percent_statements_covered_display": "0"}, "missing_lines": [158, 159, 160, 161], "excluded_lines": [], "start_line": 157}, "OperationsRepository.replay_runs": {"executed_lines": [164, 165, 166, 169, 170, 171, 172, 173, 174, 175], "summary": {"covered_lines": 10, "num_statements": 12, "percent_covered": 83.33333333333333, "percent_covered_display": "83", "missing_lines": 2, "excluded_lines": 0, "percent_statements_covered": 83.33333333333333, "percent_statements_covered_display": "83"}, "missing_lines": [167, 168], "excluded_lines": [], "start_line": 163}, "OperationsRepository.record_model_run": {"executed_lines": [178, 179, 180, 195, 196], "summary": {"covered_lines": 5, "num_statements": 5, "percent_covered": 100.0, "percent_covered_display": "100", "missing_lines": 0, "excluded_lines": 0, "percent_statements_covered": 100.0, "percent_statements_covered_display": "100"}, "missing_lines": [], "excluded_lines": [], "start_line": 177}, "OperationsRepository.model_runs": {"executed_lines": [199, 200, 201, 202, 203, 204, 205, 206, 207, 208, 210], "summary": {"covered_lines": 11, "num_statements": 12, "percent_covered": 91.66666666666667, "percent_covered_display": "92", "missing_lines": 1, "excluded_lines": 0, "percent_statements_covered": 91.66666666666667, "percent_statements_covered_display": "92"}, "missing_lines": [209], "excluded_lines": [], "start_line": 198}, "OperationsRepository.record_evidence_object": {"executed_lines": [221, 222, 235, 241], "summary": {"covered_lines": 4, "num_statements": 4, "percent_covered": 100.0, "percent_covered_display": "100", "missing_lines": 0, "excluded_lines": 0, "percent_statements_covered": 100.0, "percent_statements_covered_display": "100"}, "missing_lines": [], "excluded_lines": [], "start_line": 212}, "OperationsRepository.evidence_objects": {"executed_lines": [244, 245], "summary": {"covered_lines": 2, "num_statements": 2, "percent_covered": 100.0, "percent_covered_display": "100", "missing_lines": 0, "excluded_lines": 0, "percent_statements_covered": 100.0, "percent_statements_covered_display": "100"}, "missing_lines": [], "excluded_lines": [], "start_line": 243}, "OperationsRepository.record_agent_decision": {"executed_lines": [257, 258, 259, 260, 282, 283], "summary": {"covered_lines": 6, "num_statements": 6, "percent_covered": 100.0, "percent_covered_display": "100", "missing_lines": 0, "excluded_lines": 0, "percent_statements_covered": 100.0, "percent_statements_covered_display": "100"}, "missing_lines": [], "excluded_lines": [], "start_line": 256}, "OperationsRepository.agent_decisions": {"executed_lines": [286, 287, 294, 295, 296, 297, 298, 299], "summary": {"covered_lines": 8, "num_statements": 8, "percent_covered": 100.0, "percent_covered_display": "100", "missing_lines": 0, "excluded_lines": 0, "percent_statements_covered": 100.0, "percent_statements_covered_display": "100"}, "missing_lines": [], "excluded_lines": [], "start_line": 285}, "OperationsRepository.record_human_override": {"executed_lines": [311, 312, 313, 328, 329], "summary": {"covered_lines": 5, "num_statements": 5, "percent_covered": 100.0, "percent_covered_display": "100", "missing_lines": 0, "excluded_lines": 0, "percent_statements_covered": 100.0, "percent_statements_covered_display": "100"}, "missing_lines": [], "excluded_lines": [], "start_line": 301}, "OperationsRepository.human_overrides": {"executed_lines": [332, 333, 340, 341, 342, 343], "summary": {"covered_lines": 6, "num_statements": 6, "percent_covered": 100.0, "percent_covered_display": "100", "missing_lines": 0, "excluded_lines": 0, "percent_statements_covered": 100.0, "percent_statements_covered_display": "100"}, "missing_lines": [], "excluded_lines": [], "start_line": 331}, "OperationsRepository.start_worker_cycle": {"executed_lines": [346, 347, 348, 352, 353], "summary": {"covered_lines": 5, "num_statements": 5, "percent_covered": 100.0, "percent_covered_display": "100", "missing_lines": 0, "excluded_lines": 0, "percent_statements_covered": 100.0, "percent_statements_covered_display": "100"}, "missing_lines": [], "excluded_lines": [], "start_line": 345}, "OperationsRepository.finish_worker_cycle": {"executed_lines": [356, 357, 361], "summary": {"covered_lines": 3, "num_statements": 3, "percent_covered": 100.0, "percent_covered_display": "100", "missing_lines": 0, "excluded_lines": 0, "percent_statements_covered": 100.0, "percent_statements_covered_display": "100"}, "missing_lines": [], "excluded_lines": [], "start_line": 355}, "OperationsRepository.latest_worker_cycle": {"executed_lines": [364, 365, 366, 367, 368, 369, 370], "summary": {"covered_lines": 7, "num_statements": 7, "percent_covered": 100.0, "percent_covered_display": "100", "missing_lines": 0, "excluded_lines": 0, "percent_statements_covered": 100.0, "percent_statements_covered_display": "100"}, "missing_lines": [], "excluded_lines": [], "start_line": 363}, "OperationsRepository.create_backup_run": {"executed_lines": [373, 374, 375, 379, 380], "summary": {"covered_lines": 5, "num_statements": 5, "percent_covered": 100.0, "percent_covered_display": "100", "missing_lines": 0, "excluded_lines": 0, "percent_statements_covered": 100.0, "percent_statements_covered_display": "100"}, "missing_lines": [], "excluded_lines": [], "start_line": 372}, "OperationsRepository.finish_backup_run": {"executed_lines": [383, 384, 389], "summary": {"covered_lines": 3, "num_statements": 3, "percent_covered": 100.0, "percent_covered_display": "100", "missing_lines": 0, "excluded_lines": 0, "percent_statements_covered": 100.0, "percent_statements_covered_display": "100"}, "missing_lines": [], "excluded_lines": [], "start_line": 382}, "OperationsRepository.fail_backup_run": {"executed_lines": [], "summary": {"covered_lines": 0, "num_statements": 3, "percent_covered": 0.0, "percent_covered_display": "0", "missing_lines": 3, "excluded_lines": 0, "percent_statements_covered": 0.0, "percent_statements_covered_display": "0"}, "missing_lines": [392, 393, 397], "excluded_lines": [], "start_line": 391}, "OperationsRepository.latest_backup": {"executed_lines": [400, 401, 402, 403, 404, 405, 406], "summary": {"covered_lines": 7, "num_statements": 7, "percent_covered": 100.0, "percent_covered_display": "100", "missing_lines": 0, "excluded_lines": 0, "percent_statements_covered": 100.0, "percent_statements_covered_display": "100"}, "missing_lines": [], "excluded_lines": [], "start_line": 399}, "OperationsRepository.health": {"executed_lines": [409, 410, 411, 423], "summary": {"covered_lines": 4, "num_statements": 4, "percent_covered": 100.0, "percent_covered_display": "100", "missing_lines": 0, "excluded_lines": 0, "percent_statements_covered": 100.0, "percent_statements_covered_display": "100"}, "missing_lines": [], "excluded_lines": [], "start_line": 408}, "": {"executed_lines": [1, 3, 4, 5, 6, 7, 8, 9, 12, 13, 16, 20, 24, 27, 32, 40, 106, 111, 120, 124, 131, 141, 149, 157, 163, 177, 198, 212, 243, 256, 285, 301, 331, 345, 355, 363, 372, 382, 391, 399, 408], "summary": {"covered_lines": 41, "num_statements": 41, "percent_covered": 100.0, "percent_covered_display": "100", "missing_lines": 0, "excluded_lines": 0, "percent_statements_covered": 100.0, "percent_statements_covered_display": "100"}, "missing_lines": [], "excluded_lines": [], "start_line": 1}}, "classes": {"OperationsRepository": {"executed_lines": [28, 29, 30, 33, 34, 35, 36, 37, 38, 41, 42, 100, 104, 107, 108, 109, 112, 113, 118, 121, 122, 125, 126, 128, 129, 132, 133, 134, 138, 139, 142, 143, 147, 164, 165, 166, 169, 170, 171, 172, 173, 174, 175, 178, 179, 180, 195, 196, 199, 200, 201, 202, 203, 204, 205, 206, 207, 208, 210, 221, 222, 235, 241, 244, 245, 257, 258, 259, 260, 282, 283, 286, 287, 294, 295, 296, 297, 298, 299, 311, 312, 313, 328, 329, 332, 333, 340, 341, 342, 343, 346, 347, 348, 352, 353, 356, 357, 361, 364, 365, 366, 367, 368, 369, 370, 373, 374, 375, 379, 380, 383, 384, 389, 400, 401, 402, 403, 404, 405, 406, 409, 410, 411, 423], "summary": {"covered_lines": 124, "num_statements": 138, "percent_covered": 89.85507246376811, "percent_covered_display": "90", "missing_lines": 14, "excluded_lines": 0, "percent_statements_covered": 89.85507246376811, "percent_statements_covered_display": "90"}, "missing_lines": [127, 150, 151, 155, 158, 159, 160, 161, 167, 168, 209, 392, 393, 397], "excluded_lines": [], "start_line": 24}, "": {"executed_lines": [1, 3, 4, 5, 6, 7, 8, 9, 12, 13, 16, 17, 20, 21, 24, 27, 32, 40, 106, 111, 120, 124, 131, 141, 149, 157, 163, 177, 198, 212, 243, 256, 285, 301, 331, 345, 355, 363, 372, 382, 391, 399, 408], "summary": {"covered_lines": 43, "num_statements": 43, "percent_covered": 100.0, "percent_covered_display": "100", "missing_lines": 0, "excluded_lines": 0, "percent_statements_covered": 100.0, "percent_statements_covered_display": "100"}, "missing_lines": [], "excluded_lines": [], "start_line": 1}}}, "app\\web\\Home.py": {"executed_lines": [], "summary": {"covered_lines": 0, "num_statements": 46, "percent_covered": 0.0, "percent_covered_display": "0", "missing_lines": 46, "excluded_lines": 0, "percent_statements_covered": 0.0, "percent_statements_covered_display": "0"}, "missing_lines": [1, 3, 4, 6, 9, 10, 12, 13, 14, 15, 16, 17, 19, 20, 22, 23, 24, 25, 26, 27, 28, 29, 30, 32, 33, 34, 35, 36, 37, 41, 43, 45, 46, 47, 50, 51, 52, 53, 55, 56, 58, 59, 60, 61, 72, 74], "excluded_lines": [], "functions": {"": {"executed_lines": [], "summary": {"covered_lines": 0, "num_statements": 46, "percent_covered": 0.0, "percent_covered_display": "0", "missing_lines": 46, "excluded_lines": 0, "percent_statements_covered": 0.0, "percent_statements_covered_display": "0"}, "missing_lines": [1, 3, 4, 6, 9, 10, 12, 13, 14, 15, 16, 17, 19, 20, 22, 23, 24, 25, 26, 27, 28, 29, 30, 32, 33, 34, 35, 36, 37, 41, 43, 45, 46, 47, 50, 51, 52, 53, 55, 56, 58, 59, 60, 61, 72, 74], "excluded_lines": [], "start_line": 1}}, "classes": {"": {"executed_lines": [], "summary": {"covered_lines": 0, "num_statements": 46, "percent_covered": 0.0, "percent_covered_display": "0", "missing_lines": 46, "excluded_lines": 0, "percent_statements_covered": 0.0, "percent_statements_covered_display": "0"}, "missing_lines": [1, 3, 4, 6, 9, 10, 12, 13, 14, 15, 16, 17, 19, 20, 22, 23, 24, 25, 26, 27, 28, 29, 30, 32, 33, 34, 35, 36, 37, 41, 43, 45, 46, 47, 50, 51, 52, 53, 55, 56, 58, 59, 60, 61, 72, 74], "excluded_lines": [], "start_line": 1}}}, "app\\web\\__init__.py": {"executed_lines": [], "summary": {"covered_lines": 0, "num_statements": 0, "percent_covered": 100.0, "percent_covered_display": "100", "missing_lines": 0, "excluded_lines": 0, "percent_statements_covered": 100.0, "percent_statements_covered_display": "100"}, "missing_lines": [], "excluded_lines": [], "functions": {"": {"executed_lines": [], "summary": {"covered_lines": 0, "num_statements": 0, "percent_covered": 100.0, "percent_covered_display": "100", "missing_lines": 0, "excluded_lines": 0, "percent_statements_covered": 100.0, "percent_statements_covered_display": "100"}, "missing_lines": [], "excluded_lines": [], "start_line": 1}}, "classes": {"": {"executed_lines": [], "summary": {"covered_lines": 0, "num_statements": 0, "percent_covered": 100.0, "percent_covered_display": "100", "missing_lines": 0, "excluded_lines": 0, "percent_statements_covered": 100.0, "percent_statements_covered_display": "100"}, "missing_lines": [], "excluded_lines": [], "start_line": 1}}}, "app\\web\\common.py": {"executed_lines": [], "summary": {"covered_lines": 0, "num_statements": 47, "percent_covered": 0.0, "percent_covered_display": "0", "missing_lines": 47, "excluded_lines": 0, "percent_statements_covered": 0.0, "percent_statements_covered_display": "0"}, "missing_lines": [1, 3, 4, 5, 6, 7, 8, 10, 13, 14, 17, 18, 21, 27, 28, 29, 30, 31, 32, 33, 34, 35, 36, 37, 38, 39, 40, 41, 42, 43, 44, 45, 48, 49, 50, 53, 54, 72, 73, 74, 75, 76, 79, 80, 86, 87, 88], "excluded_lines": [], "functions": {"api_request": {"executed_lines": [], "summary": {"covered_lines": 0, "num_statements": 19, "percent_covered": 0.0, "percent_covered_display": "0", "missing_lines": 19, "excluded_lines": 0, "percent_statements_covered": 0.0, "percent_statements_covered_display": "0"}, "missing_lines": [27, 28, 29, 30, 31, 32, 33, 34, 35, 36, 37, 38, 39, 40, 41, 42, 43, 44, 45], "excluded_lines": [], "start_line": 21}, "query_path": {"executed_lines": [], "summary": {"covered_lines": 0, "num_statements": 2, "percent_covered": 0.0, "percent_covered_display": "0", "missing_lines": 2, "excluded_lines": 0, "percent_statements_covered": 0.0, "percent_statements_covered_display": "0"}, "missing_lines": [49, 50], "excluded_lines": [], "start_line": 48}, "install_style": {"executed_lines": [], "summary": {"covered_lines": 0, "num_statements": 1, "percent_covered": 0.0, "percent_covered_display": "0", "missing_lines": 1, "excluded_lines": 0, "percent_statements_covered": 0.0, "percent_statements_covered_display": "0"}, "missing_lines": [54], "excluded_lines": [], "start_line": 53}, "header": {"executed_lines": [], "summary": {"covered_lines": 0, "num_statements": 4, "percent_covered": 0.0, "percent_covered_display": "0", "missing_lines": 4, "excluded_lines": 0, "percent_statements_covered": 0.0, "percent_statements_covered_display": "0"}, "missing_lines": [73, 74, 75, 76], "excluded_lines": [], "start_line": 72}, "no_trading_banner": {"executed_lines": [], "summary": {"covered_lines": 0, "num_statements": 1, "percent_covered": 0.0, "percent_covered_display": "0", "missing_lines": 1, "excluded_lines": 0, "percent_statements_covered": 0.0, "percent_statements_covered_display": "0"}, "missing_lines": [80], "excluded_lines": [], "start_line": 79}, "render_api_error": {"executed_lines": [], "summary": {"covered_lines": 0, "num_statements": 2, "percent_covered": 0.0, "percent_covered_display": "0", "missing_lines": 2, "excluded_lines": 0, "percent_statements_covered": 0.0, "percent_statements_covered_display": "0"}, "missing_lines": [87, 88], "excluded_lines": [], "start_line": 86}, "": {"executed_lines": [], "summary": {"covered_lines": 0, "num_statements": 18, "percent_covered": 0.0, "percent_covered_display": "0", "missing_lines": 18, "excluded_lines": 0, "percent_statements_covered": 0.0, "percent_statements_covered_display": "0"}, "missing_lines": [1, 3, 4, 5, 6, 7, 8, 10, 13, 14, 17, 18, 21, 48, 53, 72, 79, 86], "excluded_lines": [], "start_line": 1}}, "classes": {"ApiError": {"executed_lines": [], "summary": {"covered_lines": 0, "num_statements": 0, "percent_covered": 100.0, "percent_covered_display": "100", "missing_lines": 0, "excluded_lines": 0, "percent_statements_covered": 100.0, "percent_statements_covered_display": "100"}, "missing_lines": [], "excluded_lines": [], "start_line": 17}, "": {"executed_lines": [], "summary": {"covered_lines": 0, "num_statements": 47, "percent_covered": 0.0, "percent_covered_display": "0", "missing_lines": 47, "excluded_lines": 0, "percent_statements_covered": 0.0, "percent_statements_covered_display": "0"}, "missing_lines": [1, 3, 4, 5, 6, 7, 8, 10, 13, 14, 17, 18, 21, 27, 28, 29, 30, 31, 32, 33, 34, 35, 36, 37, 38, 39, 40, 41, 42, 43, 44, 45, 48, 49, 50, 53, 54, 72, 73, 74, 75, 76, 79, 80, 86, 87, 88], "excluded_lines": [], "start_line": 1}}}, "app\\workers\\__init__.py": {"executed_lines": [], "summary": {"covered_lines": 0, "num_statements": 0, "percent_covered": 100.0, "percent_covered_display": "100", "missing_lines": 0, "excluded_lines": 0, "percent_statements_covered": 100.0, "percent_statements_covered_display": "100"}, "missing_lines": [], "excluded_lines": [], "functions": {"": {"executed_lines": [], "summary": {"covered_lines": 0, "num_statements": 0, "percent_covered": 100.0, "percent_covered_display": "100", "missing_lines": 0, "excluded_lines": 0, "percent_statements_covered": 100.0, "percent_statements_covered_display": "100"}, "missing_lines": [], "excluded_lines": [], "start_line": 1}}, "classes": {"": {"executed_lines": [], "summary": {"covered_lines": 0, "num_statements": 0, "percent_covered": 100.0, "percent_covered_display": "100", "missing_lines": 0, "excluded_lines": 0, "percent_statements_covered": 100.0, "percent_statements_covered_display": "100"}, "missing_lines": [], "excluded_lines": [], "start_line": 1}}}, "app\\workers\\backup_scheduler.py": {"executed_lines": [], "summary": {"covered_lines": 0, "num_statements": 30, "percent_covered": 0.0, "percent_covered_display": "0", "missing_lines": 30, "excluded_lines": 0, "percent_statements_covered": 0.0, "percent_statements_covered_display": "0"}, "missing_lines": [1, 3, 4, 5, 7, 8, 9, 12, 13, 14, 15, 16, 17, 22, 23, 24, 25, 26, 27, 28, 29, 36, 37, 38, 39, 40, 41, 42, 45, 46], "excluded_lines": [], "functions": {"main": {"executed_lines": [], "summary": {"covered_lines": 0, "num_statements": 20, "percent_covered": 0.0, "percent_covered_display": "0", "missing_lines": 20, "excluded_lines": 0, "percent_statements_covered": 0.0, "percent_statements_covered_display": "0"}, "missing_lines": [13, 14, 15, 16, 17, 22, 23, 24, 25, 26, 27, 28, 29, 36, 37, 38, 39, 40, 41, 42], "excluded_lines": [], "start_line": 12}, "": {"executed_lines": [], "summary": {"covered_lines": 0, "num_statements": 10, "percent_covered": 0.0, "percent_covered_display": "0", "missing_lines": 10, "excluded_lines": 0, "percent_statements_covered": 0.0, "percent_statements_covered_display": "0"}, "missing_lines": [1, 3, 4, 5, 7, 8, 9, 12, 45, 46], "excluded_lines": [], "start_line": 1}}, "classes": {"": {"executed_lines": [], "summary": {"covered_lines": 0, "num_statements": 30, "percent_covered": 0.0, "percent_covered_display": "0", "missing_lines": 30, "excluded_lines": 0, "percent_statements_covered": 0.0, "percent_statements_covered_display": "0"}, "missing_lines": [1, 3, 4, 5, 7, 8, 9, 12, 13, 14, 15, 16, 17, 22, 23, 24, 25, 26, 27, 28, 29, 36, 37, 38, 39, 40, 41, 42, 45, 46], "excluded_lines": [], "start_line": 1}}}, "app\\workers\\continuous.py": {"executed_lines": [1, 3, 4, 5, 6, 7, 8, 9, 10, 11, 12, 14, 15, 18, 21, 22, 25, 31, 39, 40, 41, 42, 51, 52, 62, 64, 75, 76, 82, 84, 86, 92, 95, 96, 97, 101, 110, 146], "summary": {"covered_lines": 38, "num_statements": 80, "percent_covered": 47.5, "percent_covered_display": "48", "missing_lines": 42, "excluded_lines": 0, "percent_statements_covered": 47.5, "percent_statements_covered_display": "48"}, "missing_lines": [26, 28, 43, 49, 63, 83, 85, 94, 102, 103, 104, 105, 106, 107, 111, 112, 113, 114, 115, 116, 117, 118, 119, 120, 121, 122, 123, 124, 125, 126, 127, 134, 135, 136, 137, 138, 139, 140, 141, 142, 143, 147], "excluded_lines": [], "functions": {"utc_now": {"executed_lines": [22], "summary": {"covered_lines": 1, "num_statements": 1, "percent_covered": 100.0, "percent_covered_display": "100", "missing_lines": 0, "excluded_lines": 0, "percent_statements_covered": 100.0, "percent_statements_covered_display": "100"}, "missing_lines": [], "excluded_lines": [], "start_line": 21}, "request_stop": {"executed_lines": [], "summary": {"covered_lines": 0, "num_statements": 2, "percent_covered": 0.0, "percent_covered_display": "0", "missing_lines": 2, "excluded_lines": 0, "percent_statements_covered": 0.0, "percent_statements_covered_display": "0"}, "missing_lines": [26, 28], "excluded_lines": [], "start_line": 25}, "execute_cycle": {"executed_lines": [39, 40, 41, 42, 51, 52, 62, 64, 75, 76, 82, 84, 86, 92, 95, 96, 97, 101], "summary": {"covered_lines": 18, "num_statements": 30, "percent_covered": 60.0, "percent_covered_display": "60", "missing_lines": 12, "excluded_lines": 0, "percent_statements_covered": 60.0, "percent_statements_covered_display": "60"}, "missing_lines": [43, 49, 63, 83, 85, 94, 102, 103, 104, 105, 106, 107], "excluded_lines": [], "start_line": 31}, "main": {"executed_lines": [], "summary": {"covered_lines": 0, "num_statements": 27, "percent_covered": 0.0, "percent_covered_display": "0", "missing_lines": 27, "excluded_lines": 0, "percent_statements_covered": 0.0, "percent_statements_covered_display": "0"}, "missing_lines": [111, 112, 113, 114, 115, 116, 117, 118, 119, 120, 121, 122, 123, 124, 125, 126, 127, 134, 135, 136, 137, 138, 139, 140, 141, 142, 143], "excluded_lines": [], "start_line": 110}, "": {"executed_lines": [1, 3, 4, 5, 6, 7, 8, 9, 10, 11, 12, 14, 15, 18, 21, 25, 31, 110, 146], "summary": {"covered_lines": 19, "num_statements": 20, "percent_covered": 95.0, "percent_covered_display": "95", "missing_lines": 1, "excluded_lines": 0, "percent_statements_covered": 95.0, "percent_statements_covered_display": "95"}, "missing_lines": [147], "excluded_lines": [], "start_line": 1}}, "classes": {"": {"executed_lines": [1, 3, 4, 5, 6, 7, 8, 9, 10, 11, 12, 14, 15, 18, 21, 22, 25, 31, 39, 40, 41, 42, 51, 52, 62, 64, 75, 76, 82, 84, 86, 92, 95, 96, 97, 101, 110, 146], "summary": {"covered_lines": 38, "num_statements": 80, "percent_covered": 47.5, "percent_covered_display": "48", "missing_lines": 42, "excluded_lines": 0, "percent_statements_covered": 47.5, "percent_statements_covered_display": "48"}, "missing_lines": [26, 28, 43, 49, 63, 83, 85, 94, 102, 103, 104, 105, 106, 107, 111, 112, 113, 114, 115, 116, 117, 118, 119, 120, 121, 122, 123, 124, 125, 126, 127, 134, 135, 136, 137, 138, 139, 140, 141, 142, 143, 147], "excluded_lines": [], "start_line": 1}}}, "app\\workers\\notifier.py": {"executed_lines": [], "summary": {"covered_lines": 0, "num_statements": 26, "percent_covered": 0.0, "percent_covered_display": "0", "missing_lines": 26, "excluded_lines": 0, "percent_statements_covered": 0.0, "percent_statements_covered_display": "0"}, "missing_lines": [1, 3, 4, 5, 6, 7, 9, 12, 13, 20, 21, 22, 25, 26, 27, 28, 29, 30, 31, 32, 33, 34, 35, 36, 39, 40], "excluded_lines": [], "functions": {"run_once": {"executed_lines": [], "summary": {"covered_lines": 0, "num_statements": 4, "percent_covered": 0.0, "percent_covered_display": "0", "missing_lines": 4, "excluded_lines": 0, "percent_
[...]
 14, 15, 16, 17, 18, 19, 20, 21, 22, 23, 25, 28, 29, 30, 31, 32, 33, 36, 37, 40, 57, 63, 64, 65, 66, 67, 68, 71, 72, 73, 74, 75, 76, 77, 79, 82, 83, 85, 86, 87, 90, 91, 92, 93, 95, 96, 97, 99, 100, 101, 102, 103, 111, 114, 161, 162, 163, 164, 165, 168, 169, 170, 171, 172, 174, 178, 186, 187, 189, 191, 193, 195, 197, 199, 202, 203, 204, 211, 222, 223, 224, 225, 230, 237, 254, 257, 265, 266, 267, 272, 273, 274, 275, 276, 277, 278, 298, 341, 355, 358, 361, 362, 363, 369, 370, 375, 376, 377, 382, 384, 385, 386, 395, 409, 410, 413, 425, 434, 462, 472, 571, 591, 614], "summary": {"covered_lines": 127, "num_statements": 299, "percent_covered": 42.474916387959865, "percent_covered_display": "42", "missing_lines": 172, "excluded_lines": 2, "percent_statements_covered": 42.474916387959865, "percent_statements_covered_display": "42"}, "missing_lines": [42, 43, 44, 45, 46, 47, 48, 49, 50, 51, 52, 53, 54, 58, 59, 60, 78, 84, 88, 94, 98, 173, 175, 179, 180, 183, 188, 190, 192, 194, 196, 198, 205, 206, 207, 208, 383, 414, 415, 416, 417, 418, 419, 420, 421, 422, 426, 427, 428, 429, 430, 431, 435, 436, 437, 438, 440, 441, 442, 443, 445, 446, 447, 448, 449, 450, 451, 452, 453, 454, 456, 457, 458, 459, 463, 464, 465, 466, 467, 468, 469, 473, 474, 475, 476, 477, 478, 479, 481, 482, 483, 484, 486, 487, 489, 490, 491, 492, 494, 495, 496, 497, 498, 500, 501, 502, 503, 504, 505, 506, 507, 518, 519, 520, 522, 523, 524, 525, 526, 527, 528, 535, 536, 537, 539, 541, 542, 543, 544, 545, 546, 547, 548, 555, 557, 558, 559, 560, 561, 562, 564, 565, 567, 568, 572, 573, 576, 579, 582, 585, 588, 592, 593, 594, 595, 596, 597, 598, 599, 600, 601, 602, 603, 604, 605, 606, 607, 608, 609, 610, 611, 615], "excluded_lines": [181, 182], "functions": {"utc_now": {"executed_lines": [37], "summary": {"covered_lines": 1, "num_statements": 1, "percent_covered": 100.0, "percent_covered_display": "100", "missing_lines": 0, "excluded_lines": 0, "percent_statements_covered": 100.0, "percent_statements_covered_display": "100"}, "missing_lines": [], "excluded_lines": [], "start_line": 36}, "load_dotenv": {"executed_lines": [], "summary": {"covered_lines": 0, "num_statements": 13, "percent_covered": 0.0, "percent_covered_display": "0", "missing_lines": 13, "excluded_lines": 0, "percent_statements_covered": 0.0, "percent_statements_covered_display": "0"}, "missing_lines": [42, 43, 44, 45, 46, 47, 48, 49, 50, 51, 52, 53, 54], "excluded_lines": [], "start_line": 40}, "env_path": {"executed_lines": [], "summary": {"covered_lines": 0, "num_statements": 3, "percent_covered": 0.0, "percent_covered_display": "0", "missing_lines": 3, "excluded_lines": 0, "percent_statements_covered": 0.0, "percent_statements_covered_display": "0"}, "missing_lines": [58, 59, 60], "excluded_lines": [], "start_line": 57}, "normalize_handle": {"executed_lines": [72, 73, 74, 75, 76, 77, 79], "summary": {"covered_lines": 7, "num_statements": 8, "percent_covered": 87.5, "percent_covered_display": "88", "missing_lines": 1, "excluded_lines": 0, "percent_statements_covered": 87.5, "percent_statements_covered_display": "88"}, "missing_lines": [78], "excluded_lines": [], "start_line": 71}, "load_sources": {"executed_lines": [83, 85, 86, 87, 90, 91, 92, 93, 95, 96, 97, 99, 100, 101, 102, 103, 111], "summary": {"covered_lines": 17, "num_statements": 21, "percent_covered": 80.95238095238095, "percent_covered_display": "81", "missing_lines": 4, "excluded_lines": 0, "percent_statements_covered": 80.95238095238095, "percent_statements_covered_display": "81"}, "missing_lines": [84, 88, 94, 98], "excluded_lines": [], "start_line": 82}, "open_database": {"executed_lines": [162, 163, 164, 165], "summary": {"covered_lines": 4, "num_statements": 4, "percent_covered": 100.0, "percent_covered_display": "100", "missing_lines": 0, "excluded_lines": 0, "percent_statements_covered": 100.0, "percent_statements_covered_display": "100"}, "missing_lines": [], "excluded_lines": [], "start_line": 161}, "iso_datetime": {"executed_lines": [169, 170, 171, 172, 174], "summary": {"covered_lines": 5, "num_statements": 7, "percent_covered": 71.42857142857143, "percent_covered_display": "71", "missing_lines": 2, "excluded_lines": 0, "percent_statements_covered": 71.42857142857143, "percent_statements_covered_display": "71"}, "missing_lines": [173, 175], "excluded_lines": [], "start_line": 168}, "entity_chat_id": {"executed_lines": [], "summary": {"covered_lines": 0, "num_statements": 3, "percent_covered": 0.0, "percent_covered_display": "0", "missing_lines": 3, "excluded_lines": 2, "percent_statements_covered": 0.0, "percent_statements_covered_display": "0"}, "missing_lines": [179, 180, 183], "excluded_lines": [181, 182], "start_line": 178}, "media_type": {"executed_lines": [187, 189, 191, 193, 195, 197, 199], "summary": {"covered_lines": 7, "num_statements": 13, "percent_covered": 53.84615384615385, "percent_covered_display": "54", "missing_lines": 6, "excluded_lines": 0, "percent_statements_covered": 53.84615384615385, "percent_statements_covered_display": "54"}, "missing_lines": [188, 190, 192, 194, 196, 198], "excluded_lines": [], "start_line": 186}, "permalink": {"executed_lines": [203, 204], "summary": {"covered_lines": 2, "num_statements": 6, "percent_covered": 33.333333333333336, "percent_covered_display": "33", "missing_lines": 4, "excluded_lines": 0, "percent_statements_covered": 33.333333333333336, "percent_statements_covered_display": "33"}, "missing_lines": [205, 206, 207, 208], "excluded_lines": [], "start_line": 202}, "upsert_channel": {"executed_lines": [222, 223, 224, 225, 230, 237, 254], "summary": {"covered_lines": 7, "num_statements": 7, "percent_covered": 100.0, "percent_covered_display": "100", "missing_lines": 0, "excluded_lines": 0, "percent_statements_covered": 100.0, "percent_statements_covered_display": "100"}, "missing_lines": [], "excluded_lines": [], "start_line": 211}, "upsert_message": {"executed_lines": [265, 266, 267, 272, 273, 274, 275, 276, 277, 278, 298, 341, 355], "summary": {"covered_lines": 13, "num_statements": 13, "percent_covered": 100.0, "percent_covered_display": "100", "missing_lines": 0, "excluded_lines": 0, "percent_statements_covered": 100.0, "percent_statements_covered_display": "100"}, "missing_lines": [], "excluded_lines": [], "start_line": 257}, "mark_deleted": {"executed_lines": [361, 362, 363, 369, 370, 375, 376, 377, 382, 384, 385, 386, 395, 409, 410], "summary": {"covered_lines": 15, "num_statements": 16, "percent_covered": 93.75, "percent_covered_display": "94", "missing_lines": 1, "excluded_lines": 0, "percent_statements_covered": 93.75, "percent_statements_covered_display": "94"}, "missing_lines": [383], "excluded_lines": [], "start_line": 358}, "require_credentials": {"executed_lines": [], "summary": {"covered_lines": 0, "num_statements": 9, "percent_covered": 0.0, "percent_covered_display": "0", "missing_lines": 9, "excluded_lines": 0, "percent_statements_covered": 0.0, "percent_statements_covered_display": "0"}, "missing_lines": [414, 415, 416, 417, 418, 419, 420, 421, 422], "excluded_lines": [], "start_line": 413}, "import_telethon": {"executed_lines": [], "summary": {"covered_lines": 0, "num_statements": 6, "percent_covered": 0.0, "percent_covered_display": "0", "missing_lines": 6, "excluded_lines": 0, "percent_statements_covered": 0.0, "percent_statements_covered_display": "0"}, "missing_lines": [426, 427, 428, 429, 430, 431], "excluded_lines": [], "start_line": 425}, "authorize_qr": {"executed_lines": [], "summary": {"covered_lines": 0, "num_statements": 22, "percent_covered": 0.0, "percent_covered_display": "0", "missing_lines": 22, "excluded_lines": 0, "percent_statements_covered": 0.0, "percent_statements_covered_display": "0"}, "missing_lines": [435, 436, 437, 438, 440, 441, 442, 443, 445, 446, 447, 448, 449, 450, 451, 452, 453, 454, 456, 457, 458, 459], "excluded_lines": [], "start_line": 434}, "resolve_sources": {"executed_lines": [], "summary": {"covered_lines": 0, "num_statements": 7, "percent_covered": 0.0, "percent_covered_display": "0", "missing_lines": 7, "excluded_lines": 0, "percent_statements_covered": 0.0, "percent_statements_covered_display": "0"}, "missing_lines": [463, 464, 465, 466, 467, 468, 469], "excluded_lines": [], "start_line": 462}, "run_collector": {"executed_lines": [], "summary": {"covered_lines": 0, "num_statements": 53, "percent_covered": 0.0, "percent_covered_display": "0", "missing_lines": 53, "excluded_lines": 0, "percent_statements_covered": 0.0, "percent_statements_covered_display": "0"}, "missing_lines": [473, 474, 475, 476, 477, 478, 479, 481, 482, 483, 484, 486, 487, 489, 490, 491, 492, 494, 495, 496, 497, 498, 500, 501, 502, 503, 504, 505, 506, 507, 518, 519, 520, 522, 523, 524, 525, 526, 527, 528, 535, 536, 537, 539, 541, 542, 543, 557, 558, 564, 565, 567, 568], "excluded_lines": [], "start_line": 472}, "run_collector.on_message": {"executed_lines": [], "summary": {"covered_lines": 0, "num_statements": 6, "percent_covered": 0.0, "percent_covered_display": "0", "missing_lines": 6, "excluded_lines": 0, "percent_statements_covered": 0.0, "percent_statements_covered_display": "0"}, "missing_lines": [544, 545, 546, 547, 548, 555], "excluded_lines": [], "start_line": 543}, "run_collector.on_deleted": {"executed_lines": [], "summary": {"covered_lines": 0, "num_statements": 4, "percent_covered": 0.0, "percent_covered_display": "0", "missing_lines": 4, "excluded_lines": 0, "percent_statements_covered": 0.0, "percent_statements_covered_display": "0"}, "missing_lines": [559, 560, 561, 562], "excluded_lines": [], "start_line": 558}, "build_parser": {"executed_lines": [], "summary": {"covered_lines": 0, "num_statements": 7, "percent_covered": 0.0, "percent_covered_display": "0", "missing_lines": 7, "excluded_lines": 0, "percent_statements_covered": 0.0, "percent_statements_covered_display": "0"}, "missing_lines": [572, 573, 576, 579, 582, 585, 588], "excluded_lines": [], "start_line": 571}, "main": {"executed_lines": [], "summary": {"covered_lines": 0, "num_statements": 20, "percent_covered": 0.0, "percent_covered_display": "0", "missing_lines": 20, "excluded_lines": 0, "percent_statements_covered": 0.0, "percent_statements_covered_display": "0"}, "missing_lines": [592, 593, 594, 595, 596, 597, 598, 599, 600, 601, 602, 603, 604, 605, 606, 607, 608, 609, 610, 611], "excluded_lines": [], "start_line": 591}, "": {"executed_lines": [9, 11, 12, 13, 14, 15, 16, 17, 18, 19, 20, 21, 22, 23, 25, 28, 29, 30, 31, 32, 33, 36, 40, 57, 63, 64, 65, 66, 67, 68, 71, 82, 114, 161, 168, 178, 186, 202, 211, 257, 358, 413, 425, 434, 462, 472, 571, 591, 614], "summary": {"covered_lines": 49, "num_statements": 50, "percent_covered": 98.0, "percent_covered_display": "98", "missing_lines": 1, "excluded_lines": 0, "percent_statements_covered": 98.0, "percent_statements_covered_display": "98"}, "missing_lines": [615], "excluded_lines": [], "start_line": 1}}, "classes": {"ChannelSource": {"executed_lines": [], "summary": {"covered_lines": 0, "num_statements": 0, "percent_covered": 100.0, "percent_covered_display": "100", "missing_lines": 0, "excluded_lines": 0, "percent_statements_covered": 100.0, "percent_statements_covered_display": "100"}, "missing_lines": [], "excluded_lines": [], "start_line": 64}, "": {"executed_lines": [9, 11, 12, 13, 14, 15, 16, 17, 18, 19, 20, 21, 22, 23, 25, 28, 29, 30, 31, 32, 33, 36, 37, 40, 57, 63, 64, 65, 66, 67, 68, 71, 72, 73, 74, 75, 76, 77, 79, 82, 83, 85, 86, 87, 90, 91, 92, 93, 95, 96, 97, 99, 100, 101, 102, 103, 111, 114, 161, 162, 163, 164, 165, 168, 169, 170, 171, 172, 174, 178, 186, 187, 189, 191, 193, 195, 197, 199, 202, 203, 204, 211, 222, 223, 224, 225, 230, 237, 254, 257, 265, 266, 267, 272, 273, 274, 275, 276, 277, 278, 298, 341, 355, 358, 361, 362, 363, 369, 370, 375, 376, 377, 382, 384, 385, 386, 395, 409, 410, 413, 425, 434, 462, 472, 571, 591, 614], "summary": {"covered_lines": 127, "num_statements": 299, "percent_covered": 42.474916387959865, "percent_covered_display": "42", "missing_lines": 172, "excluded_lines": 2, "percent_statements_covered": 42.474916387959865, "percent_statements_covered_display": "42"}, "missing_lines": [42, 43, 44, 45, 46, 47, 48, 49, 50, 51, 52, 53, 54, 58, 59, 60, 78, 84, 88, 94, 98, 173, 175, 179, 180, 183, 188, 190, 192, 194, 196, 198, 205, 206, 207, 208, 383, 414, 415, 416, 417, 418, 419, 420, 421, 422, 426, 427, 428, 429, 430, 431, 435, 436, 437, 438, 440, 441, 442, 443, 445, 446, 447, 448, 449, 450, 451, 452, 453, 454, 456, 457, 458, 459, 463, 464, 465, 466, 467, 468, 469, 473, 474, 475, 476, 477, 478, 479, 481, 482, 483, 484, 486, 487, 489, 490, 491, 492, 494, 495, 496, 497, 498, 500, 501, 502, 503, 504, 505, 506, 507, 518, 519, 520, 522, 523, 524, 525, 526, 527, 528, 535, 536, 537, 539, 541, 542, 543, 544, 545, 546, 547, 548, 555, 557, 558, 559, 560, 561, 562, 564, 565, 567, 568, 572, 573, 576, 579, 582, 585, 588, 592, 593, 594, 595, 596, 597, 598, 599, 600, 601, 602, 603, 604, 605, 606, 607, 608, 609, 610, 611, 615], "excluded_lines": [181, 182], "start_line": 1}}}, "scripts\\train_risk_router.py": {"executed_lines": [4, 6, 7, 8, 9, 10, 11, 12, 13, 14, 16, 17, 18, 19, 20, 21, 24, 25, 28, 31, 34, 38, 42, 123, 130, 133, 135, 136, 137, 138, 139, 141, 142, 143, 144, 146, 147, 148, 149, 150, 151, 153, 154, 155, 157, 158, 159, 160, 165, 166, 167, 168, 169, 170, 171, 172, 173, 176, 177, 178, 180, 182, 203, 204, 205, 207, 208, 209, 210, 211, 213, 233, 236, 275, 517, 543], "summary": {"covered_lines": 76, "num_statements": 183, "percent_covered": 41.53005464480874, "percent_covered_display": "42", "missing_lines": 107, "excluded_lines": 0, "percent_statements_covered": 41.53005464480874, "percent_statements_covered_display": "42"}, "missing_lines": [26, 35, 39, 45, 46, 47, 59, 60, 64, 65, 66, 69, 72, 74, 75, 76, 77, 78, 79, 80, 81, 82, 83, 85, 95, 96, 97, 98, 99, 100, 101, 107, 114, 115, 120, 131, 152, 174, 175, 183, 198, 199, 200, 201, 206, 212, 237, 262, 272, 282, 283, 284, 285, 286, 287, 288, 289, 290, 291, 292, 293, 294, 295, 296, 297, 298, 299, 300, 301, 302, 303, 304, 305, 306, 307, 308, 310, 318, 319, 329, 330, 331, 332, 335, 401, 402, 403, 404, 419, 422, 442, 443, 444, 472, 495, 514, 518, 519, 520, 521, 522, 523, 524, 525, 526, 540, 544], "excluded_lines": [], "functions": {"utc_now": {"executed_lines": [], "summary": {"covered_lines": 0, "num_statements": 1, "percent_covered": 0.0, "percent_covered_display": "0", "missing_lines": 1, "excluded_lines": 0, "percent_statements_covered": 0.0, "percent_statements_covered_display": "0"}, "missing_lines": [35], "excluded_lines": [], "start_line": 34}, "stable_json": {"executed_lines": [], "summary": {"covered_lines": 0, "num_statements": 1, "percent_covered": 0.0, "percent_covered_display": "0", "missing_lines": 1, "excluded_lines": 0, "percent_statements_covered": 0.0, "percent_statements_covered_display": "0"}, "missing_lines": [39], "excluded_lines": [], "start_line": 38}, "load_dataset": {"executed_lines": [], "summary": {"covered_lines": 0, "num_statements": 32, "percent_covered": 0.0, "percent_covered_display": "0", "missing_lines": 32, "excluded_lines": 0, "percent_statements_covered": 0.0, "percent_statements_covered_display": "0"}, "missing_lines": [45, 46, 47, 59, 60, 64, 65, 66, 69, 72, 74, 75, 76, 77, 78, 79, 80, 81, 82, 83, 85, 95, 96, 97, 98, 99, 100, 101, 107, 114, 115, 120], "excluded_lines": [], "start_line": 42}, "time_issuer_chain_split": {"executed_lines": [130, 133, 135, 141, 146, 147, 148, 149, 150, 151, 153, 154, 155, 157, 158, 159, 160, 165, 166, 167, 168, 169, 170, 171, 172, 173, 176, 177, 178, 180, 182, 203, 204, 205, 207, 208, 209, 210, 211, 213, 233], "summary": {"covered_lines": 41, "num_statements": 52, "percent_covered": 78.84615384615384, "percent_covered_display": "79", "missing_lines": 11, "excluded_lines": 0, "percent_statements_covered": 78.84615384615384, "percent_statements_covered_display": "79"}, "missing_lines": [131, 152, 174, 175, 183, 198, 199, 200, 201, 206, 212], "excluded_lines": [], "start_line": 123}, "time_issuer_chain_split.find": {"executed_lines": [136, 137, 138, 139], "summary": {"covered_lines": 4, "num_statements": 4, "percent_covered": 100.0, "percent_covered_display": "100", "missing_lines": 0, "excluded_lines": 0, "percent_statements_covered": 100.0, "percent_statements_covered_display": "100"}, "missing_lines": [], "excluded_lines": [], "start_line": 135}, "time_issuer_chain_split.union": {"executed_lines": [142, 143, 144], "summary": {"covered_lines": 3, "num_statements": 3, "percent_covered": 100.0, "percent_covered_display": "100", "missing_lines": 0, "excluded_lines": 0, "percent_statements_covered": 100.0, "percent_statements_covered_display": "100"}, "missing_lines": [], "excluded_lines": [], "start_line": 141}, "build_pipeline": {"executed_lines": [], "summary": {"covered_lines": 0, "num_statements": 3, "percent_covered": 0.0, "percent_covered_display": "0", "missing_lines": 3, "excluded_lines": 0, "percent_statements_covered": 0.0, "percent_statements_covered_display": "0"}, "missing_lines": [237, 262, 272], "excluded_lines": [], "start_line": 236}, "train": {"executed_lines": [], "summary": {"covered_lines": 0, "num_statements": 47, "percent_covered": 0.0, "percent_covered_display": "0", "missing_lines": 47, "excluded_lines": 0, "percent_statements_covered": 0.0, "percent_statements_covered_display": "0"}, "missing_lines": [282, 283, 284, 285, 286, 287, 288, 289, 290, 291, 292, 293, 294, 295, 296, 297, 298, 299, 300, 301, 302, 303, 304, 305, 306, 307, 308, 310, 318, 319, 329, 330, 331, 332, 335, 401, 402, 403, 404, 419, 422, 442, 443, 444, 472, 495, 514], "excluded_lines": [], "start_line": 275}, "main": {"executed_lines": [], "summary": {"covered_lines": 0, "num_statements": 10, "percent_covered": 0.0, "percent_covered_display": "0", "missing_lines": 10, "excluded_lines": 0, "percent_statements_covered": 0.0, "percent_statements_covered_display": "0"}, "missing_lines": [518, 519, 520, 521, 522, 523, 524, 525, 526, 540], "excluded_lines": [], "start_line": 517}, "": {"executed_lines": [4, 6, 7, 8, 9, 10, 11, 12, 13, 14, 16, 17, 18, 19, 20, 21, 24, 25, 28, 31, 34, 38, 42, 123, 236, 275, 517, 543], "summary": {"covered_lines": 28, "num_statements": 30, "percent_covered": 93.33333333333333, "percent_covered_display": "93", "missing_lines": 2, "excluded_lines": 0, "percent_statements_covered": 93.33333333333333, "percent_statements_covered_display": "93"}, "missing_lines": [26, 544], "excluded_lines": [], "start_line": 1}}, "classes": {"": {"executed_lines": [4, 6, 7, 8, 9, 10, 11, 12, 13, 14, 16, 17, 18, 19, 20, 21, 24, 25, 28, 31, 34, 38, 42, 123, 130, 133, 135, 136, 137, 138, 139, 141, 142, 143, 144, 146, 147, 148, 149, 150, 151, 153, 154, 155, 157, 158, 159, 160, 165, 166, 167, 168, 169, 170, 171, 172, 173, 176, 177, 178, 180, 182, 203, 204, 205, 207, 208, 209, 210, 211, 213, 233, 236, 275, 517, 543], "summary": {"covered_lines": 76, "num_statements": 183, "percent_covered": 41.53005464480874, "percent_covered_display": "42", "missing_lines": 107, "excluded_lines": 0, "percent_statements_covered": 41.53005464480874, "percent_statements_covered_display": "42"}, "missing_lines": [26, 35, 39, 45, 46, 47, 59, 60, 64, 65, 66, 69, 72, 74, 75, 76, 77, 78, 79, 80, 81, 82, 83, 85, 95, 96, 97, 98, 99, 100, 101, 107, 114, 115, 120, 131, 152, 174, 175, 183, 198, 199, 200, 201, 206, 212, 237, 262, 272, 282, 283, 284, 285, 286, 287, 288, 289, 290, 291, 292, 293, 294, 295, 296, 297, 298, 299, 300, 301, 302, 303, 304, 305, 306, 307, 308, 310, 318, 319, 329, 330, 331, 332, 335, 401, 402, 403, 404, 419, 422, 442, 443, 444, 472, 495, 514, 518, 519, 520, 521, 522, 523, 524, 525, 526, 540, 544], "excluded_lines": [], "start_line": 1}}}}, "totals": {"covered_lines": 3703, "num_statements": 8208, "percent_covered": 45.114522417154, "percent_covered_display": "45", "missing_lines": 4505, "excluded_lines": 2, "percent_statements_covered": 45.114522417154, "percent_statements_covered_display": "45"}}